2018-11-20 08:44:55,227 [Worker-3] INFO  c.g.t.t.d.PublishedGradleVersions - Gradle version information cache is up-to-date. Trying to read.
2018-11-20 09:07:22,754 [Worker-2] INFO  c.g.t.t.d.PublishedGradleVersions - Gradle version information cache is up-to-date. Trying to read.
2018-11-20 09:31:19,062 [Worker-1] INFO  c.g.t.t.d.PublishedGradleVersions - Gradle version information cache is out-of-date. Trying to update.
2018-11-20 09:35:33,067 [ModalContext] INFO  o.e.m.c.i.l.LifecycleMappingFactory - Using org.eclipse.m2e.jdt.JarLifecycleMapping lifecycle mapping for MavenProject: com.amazonaws.lambda:demo:4.0.0 @ C:\Users\Nicolas\Desktop\TP_JEE\myConverser\pom.xml.
2018-11-20 09:35:35,377 [ModalContext] INFO  o.e.m.j.i.AbstractJavaProjectConfigurator - Adding source folder /myConverser/src/main/java
2018-11-20 09:35:35,380 [ModalContext] INFO  o.e.m.j.i.AbstractJavaProjectConfigurator - Adding resource folder /myConverser/src/main/resources
2018-11-20 09:35:35,381 [ModalContext] INFO  o.e.m.j.i.AbstractJavaProjectConfigurator - Adding source folder /myConverser/src/test/java
2018-11-20 09:35:35,381 [ModalContext] INFO  o.e.m.j.i.AbstractJavaProjectConfigurator - Adding resource folder /myConverser/src/test/resources
2018-11-20 09:35:35,780 [ModalContext] WARN  o.e.m.c.i.embedder.EclipseLogger - Using platform encoding (Cp1252 actually) to copy filtered resources, i.e. build is platform dependent!
2018-11-20 09:35:35,793 [ModalContext] INFO  o.e.m.c.i.embedder.EclipseLogger - Copying 0 resource
2018-11-20 09:35:35,796 [ModalContext] WARN  o.e.m.c.i.embedder.EclipseLogger - Using platform encoding (Cp1252 actually) to copy filtered resources, i.e. build is platform dependent!
2018-11-20 09:35:35,797 [ModalContext] INFO  o.e.m.c.i.embedder.EclipseLogger - Copying 0 resource
2018-11-20 09:35:36,957 [Worker-23] INFO  o.e.m.c.i.e.AbstractTransferListenerAdapter - Downloading https://repo.maven.apache.org/maven2/com/amazonaws/aws-java-sdk-bom/1.11.453/aws-java-sdk-bom-1.11.453.pom
2018-11-20 09:35:37,041 [Worker-23] INFO  o.e.m.c.i.e.AbstractTransferListenerAdapter - Downloaded https://repo.maven.apache.org/maven2/com/amazonaws/aws-java-sdk-bom/1.11.453/aws-java-sdk-bom-1.11.453.pom
2018-11-20 09:35:37,108 [Worker-23] INFO  o.e.m.c.i.e.AbstractTransferListenerAdapter - Downloading https://repo.maven.apache.org/maven2/com/amazonaws/aws-java-sdk-pom/1.11.453/aws-java-sdk-pom-1.11.453.pom
2018-11-20 09:35:37,280 [Worker-23] INFO  o.e.m.c.i.e.AbstractTransferListenerAdapter - Downloaded https://repo.maven.apache.org/maven2/com/amazonaws/aws-java-sdk-pom/1.11.453/aws-java-sdk-pom-1.11.453.pom
2018-11-20 09:35:37,467 [Worker-23] INFO  o.e.m.c.i.e.AbstractTransferListenerAdapter - Downloading https://repo.maven.apache.org/maven2/org/mockito/mockito-core/2.7.22/mockito-core-2.7.22.pom
2018-11-20 09:35:37,529 [Worker-23] INFO  o.e.m.c.i.e.AbstractTransferListenerAdapter - Downloaded https://repo.maven.apache.org/maven2/org/mockito/mockito-core/2.7.22/mockito-core-2.7.22.pom
2018-11-20 09:35:37,641 [Worker-23] INFO  o.e.m.c.i.e.AbstractTransferListenerAdapter - Downloading https://repo.maven.apache.org/maven2/net/bytebuddy/byte-buddy/1.6.11/byte-buddy-1.6.11.pom
2018-11-20 09:35:37,722 [Worker-23] INFO  o.e.m.c.i.e.AbstractTransferListenerAdapter - Downloaded https://repo.maven.apache.org/maven2/net/bytebuddy/byte-buddy/1.6.11/byte-buddy-1.6.11.pom
2018-11-20 09:35:37,778 [Worker-23] INFO  o.e.m.c.i.e.AbstractTransferListenerAdapter - Downloading https://repo.maven.apache.org/maven2/net/bytebuddy/byte-buddy-parent/1.6.11/byte-buddy-parent-1.6.11.pom
2018-11-20 09:35:37,885 [Worker-23] INFO  o.e.m.c.i.e.AbstractTransferListenerAdapter - Downloaded https://repo.maven.apache.org/maven2/net/bytebuddy/byte-buddy-parent/1.6.11/byte-buddy-parent-1.6.11.pom
2018-11-20 09:35:37,957 [Worker-23] INFO  o.e.m.c.i.e.AbstractTransferListenerAdapter - Downloading https://repo.maven.apache.org/maven2/net/bytebuddy/byte-buddy-agent/1.6.11/byte-buddy-agent-1.6.11.pom
2018-11-20 09:35:38,003 [Worker-23] INFO  o.e.m.c.i.e.AbstractTransferListenerAdapter - Downloaded https://repo.maven.apache.org/maven2/net/bytebuddy/byte-buddy-agent/1.6.11/byte-buddy-agent-1.6.11.pom
2018-11-20 09:35:38,072 [Worker-23] INFO  o.e.m.c.i.e.AbstractTransferListenerAdapter - Downloading https://repo.maven.apache.org/maven2/org/objenesis/objenesis/2.5/objenesis-2.5.pom
2018-11-20 09:35:38,143 [Worker-23] INFO  o.e.m.c.i.e.AbstractTransferListenerAdapter - Downloaded https://repo.maven.apache.org/maven2/org/objenesis/objenesis/2.5/objenesis-2.5.pom
2018-11-20 09:35:38,197 [Worker-23] INFO  o.e.m.c.i.e.AbstractTransferListenerAdapter - Downloading https://repo.maven.apache.org/maven2/org/objenesis/objenesis-parent/2.5/objenesis-parent-2.5.pom
2018-11-20 09:35:38,315 [Worker-23] INFO  o.e.m.c.i.e.AbstractTransferListenerAdapter - Downloaded https://repo.maven.apache.org/maven2/org/objenesis/objenesis-parent/2.5/objenesis-parent-2.5.pom
2018-11-20 09:35:38,377 [Worker-23] INFO  o.e.m.c.i.e.AbstractTransferListenerAdapter - Downloading https://repo.maven.apache.org/maven2/com/amazonaws/aws-java-sdk-s3/1.11.453/aws-java-sdk-s3-1.11.453.pom
2018-11-20 09:35:38,436 [Worker-23] INFO  o.e.m.c.i.e.AbstractTransferListenerAdapter - Downloaded https://repo.maven.apache.org/maven2/com/amazonaws/aws-java-sdk-s3/1.11.453/aws-java-sdk-s3-1.11.453.pom
2018-11-20 09:35:38,519 [Worker-23] INFO  o.e.m.c.i.e.AbstractTransferListenerAdapter - Downloading https://repo.maven.apache.org/maven2/com/amazonaws/aws-java-sdk-kms/1.11.453/aws-java-sdk-kms-1.11.453.pom
2018-11-20 09:35:38,622 [Worker-23] INFO  o.e.m.c.i.e.AbstractTransferListenerAdapter - Downloaded https://repo.maven.apache.org/maven2/com/amazonaws/aws-java-sdk-kms/1.11.453/aws-java-sdk-kms-1.11.453.pom
2018-11-20 09:35:38,688 [Worker-23] INFO  o.e.m.c.i.e.AbstractTransferListenerAdapter - Downloading https://repo.maven.apache.org/maven2/com/amazonaws/aws-java-sdk-core/1.11.453/aws-java-sdk-core-1.11.453.pom
2018-11-20 09:35:38,737 [Worker-23] INFO  o.e.m.c.i.e.AbstractTransferListenerAdapter - Downloaded https://repo.maven.apache.org/maven2/com/amazonaws/aws-java-sdk-core/1.11.453/aws-java-sdk-core-1.11.453.pom
2018-11-20 09:35:38,856 [Worker-23] INFO  o.e.m.c.i.e.AbstractTransferListenerAdapter - Downloading https://repo.maven.apache.org/maven2/commons-logging/commons-logging/1.1.3/commons-logging-1.1.3.pom
2018-11-20 09:35:38,971 [Worker-23] INFO  o.e.m.c.i.e.AbstractTransferListenerAdapter - Downloaded https://repo.maven.apache.org/maven2/commons-logging/commons-logging/1.1.3/commons-logging-1.1.3.pom
2018-11-20 09:35:39,090 [Worker-23] INFO  o.e.m.c.i.e.AbstractTransferListenerAdapter - Downloading https://repo.maven.apache.org/maven2/org/apache/commons/commons-parent/28/commons-parent-28.pom
2018-11-20 09:35:39,281 [Worker-23] INFO  o.e.m.c.i.e.AbstractTransferListenerAdapter - Downloaded https://repo.maven.apache.org/maven2/org/apache/commons/commons-parent/28/commons-parent-28.pom
2018-11-20 09:35:39,912 [Worker-23] INFO  o.e.m.c.i.e.AbstractTransferListenerAdapter - Downloading https://repo.maven.apache.org/maven2/software/amazon/ion/ion-java/1.0.2/ion-java-1.0.2.pom
2018-11-20 09:35:39,968 [Worker-23] INFO  o.e.m.c.i.e.AbstractTransferListenerAdapter - Downloaded https://repo.maven.apache.org/maven2/software/amazon/ion/ion-java/1.0.2/ion-java-1.0.2.pom
2018-11-20 09:35:40,085 [Worker-23] INFO  o.e.m.c.i.e.AbstractTransferListenerAdapter - Downloading https://repo.maven.apache.org/maven2/com/fasterxml/jackson/core/jackson-databind/2.6.7.2/jackson-databind-2.6.7.2.pom
2018-11-20 09:35:40,177 [Worker-23] INFO  o.e.m.c.i.e.AbstractTransferListenerAdapter - Downloaded https://repo.maven.apache.org/maven2/com/fasterxml/jackson/core/jackson-databind/2.6.7.2/jackson-databind-2.6.7.2.pom
2018-11-20 09:35:40,293 [Worker-23] INFO  o.e.m.c.i.e.AbstractTransferListenerAdapter - Downloading https://repo.maven.apache.org/maven2/com/fasterxml/jackson/jackson-parent/2.6.2/jackson-parent-2.6.2.pom
2018-11-20 09:35:40,358 [Worker-23] INFO  o.e.m.c.i.e.AbstractTransferListenerAdapter - Downloaded https://repo.maven.apache.org/maven2/com/fasterxml/jackson/jackson-parent/2.6.2/jackson-parent-2.6.2.pom
2018-11-20 09:35:40,477 [Worker-23] INFO  o.e.m.c.i.e.AbstractTransferListenerAdapter - Downloading https://repo.maven.apache.org/maven2/com/fasterxml/jackson/core/jackson-annotations/2.6.0/jackson-annotations-2.6.0.pom
2018-11-20 09:35:40,543 [Worker-23] INFO  o.e.m.c.i.e.AbstractTransferListenerAdapter - Downloaded https://repo.maven.apache.org/maven2/com/fasterxml/jackson/core/jackson-annotations/2.6.0/jackson-annotations-2.6.0.pom
2018-11-20 09:35:40,607 [Worker-23] INFO  o.e.m.c.i.e.AbstractTransferListenerAdapter - Downloading https://repo.maven.apache.org/maven2/com/fasterxml/jackson/jackson-parent/2.6.1/jackson-parent-2.6.1.pom
2018-11-20 09:35:40,661 [Worker-23] INFO  o.e.m.c.i.e.AbstractTransferListenerAdapter - Downloaded https://repo.maven.apache.org/maven2/com/fasterxml/jackson/jackson-parent/2.6.1/jackson-parent-2.6.1.pom
2018-11-20 09:35:40,718 [Worker-23] INFO  o.e.m.c.i.e.AbstractTransferListenerAdapter - Downloading https://repo.maven.apache.org/maven2/com/fasterxml/oss-parent/23/oss-parent-23.pom
2018-11-20 09:35:40,772 [Worker-23] INFO  o.e.m.c.i.e.AbstractTransferListenerAdapter - Downloaded https://repo.maven.apache.org/maven2/com/fasterxml/oss-parent/23/oss-parent-23.pom
2018-11-20 09:35:40,830 [Worker-23] INFO  o.e.m.c.i.e.AbstractTransferListenerAdapter - Downloading https://repo.maven.apache.org/maven2/com/fasterxml/jackson/core/jackson-core/2.6.7/jackson-core-2.6.7.pom
2018-11-20 09:35:40,907 [Worker-23] INFO  o.e.m.c.i.e.AbstractTransferListenerAdapter - Downloaded https://repo.maven.apache.org/maven2/com/fasterxml/jackson/core/jackson-core/2.6.7/jackson-core-2.6.7.pom
2018-11-20 09:35:41,010 [Worker-23] INFO  o.e.m.c.i.e.AbstractTransferListenerAdapter - Downloading https://repo.maven.apache.org/maven2/com/fasterxml/jackson/dataformat/jackson-dataformat-cbor/2.6.7/jackson-dataformat-cbor-2.6.7.pom
2018-11-20 09:35:41,101 [Worker-23] INFO  o.e.m.c.i.e.AbstractTransferListenerAdapter - Downloaded https://repo.maven.apache.org/maven2/com/fasterxml/jackson/dataformat/jackson-dataformat-cbor/2.6.7/jackson-dataformat-cbor-2.6.7.pom
2018-11-20 09:35:41,157 [Worker-23] INFO  o.e.m.c.i.e.AbstractTransferListenerAdapter - Downloading https://repo.maven.apache.org/maven2/joda-time/joda-time/2.8.1/joda-time-2.8.1.pom
2018-11-20 09:35:41,210 [Worker-23] INFO  o.e.m.c.i.e.AbstractTransferListenerAdapter - Downloaded https://repo.maven.apache.org/maven2/joda-time/joda-time/2.8.1/joda-time-2.8.1.pom
2018-11-20 09:35:41,319 [Worker-23] INFO  o.e.m.c.i.e.AbstractTransferListenerAdapter - Downloading https://repo.maven.apache.org/maven2/com/amazonaws/jmespath-java/1.11.453/jmespath-java-1.11.453.pom
2018-11-20 09:35:41,364 [Worker-23] INFO  o.e.m.c.i.e.AbstractTransferListenerAdapter - Downloaded https://repo.maven.apache.org/maven2/com/amazonaws/jmespath-java/1.11.453/jmespath-java-1.11.453.pom
2018-11-20 09:35:41,429 [Worker-23] INFO  o.e.m.c.i.e.AbstractTransferListenerAdapter - Downloading https://repo.maven.apache.org/maven2/com/amazonaws/aws-lambda-java-events/1.3.0/aws-lambda-java-events-1.3.0.pom
2018-11-20 09:35:41,526 [Worker-23] INFO  o.e.m.c.i.e.AbstractTransferListenerAdapter - Downloaded https://repo.maven.apache.org/maven2/com/amazonaws/aws-lambda-java-events/1.3.0/aws-lambda-java-events-1.3.0.pom
2018-11-20 09:35:41,603 [Worker-23] INFO  o.e.m.c.i.e.AbstractTransferListenerAdapter - Downloading https://repo.maven.apache.org/maven2/com/amazonaws/aws-java-sdk-sns/1.11.453/aws-java-sdk-sns-1.11.453.pom
2018-11-20 09:35:41,659 [Worker-23] INFO  o.e.m.c.i.e.AbstractTransferListenerAdapter - Downloaded https://repo.maven.apache.org/maven2/com/amazonaws/aws-java-sdk-sns/1.11.453/aws-java-sdk-sns-1.11.453.pom
2018-11-20 09:35:41,721 [Worker-23] INFO  o.e.m.c.i.e.AbstractTransferListenerAdapter - Downloading https://repo.maven.apache.org/maven2/com/amazonaws/aws-java-sdk-sqs/1.11.453/aws-java-sdk-sqs-1.11.453.pom
2018-11-20 09:35:41,786 [Worker-23] INFO  o.e.m.c.i.e.AbstractTransferListenerAdapter - Downloaded https://repo.maven.apache.org/maven2/com/amazonaws/aws-java-sdk-sqs/1.11.453/aws-java-sdk-sqs-1.11.453.pom
2018-11-20 09:35:41,847 [Worker-23] INFO  o.e.m.c.i.e.AbstractTransferListenerAdapter - Downloading https://repo.maven.apache.org/maven2/com/amazonaws/aws-java-sdk-cognitoidentity/1.11.453/aws-java-sdk-cognitoidentity-1.11.453.pom
2018-11-20 09:35:41,907 [Worker-23] INFO  o.e.m.c.i.e.AbstractTransferListenerAdapter - Downloaded https://repo.maven.apache.org/maven2/com/amazonaws/aws-java-sdk-cognitoidentity/1.11.453/aws-java-sdk-cognitoidentity-1.11.453.pom
2018-11-20 09:35:41,969 [Worker-23] INFO  o.e.m.c.i.e.AbstractTransferListenerAdapter - Downloading https://repo.maven.apache.org/maven2/com/amazonaws/aws-java-sdk-kinesis/1.11.453/aws-java-sdk-kinesis-1.11.453.pom
2018-11-20 09:35:42,043 [Worker-23] INFO  o.e.m.c.i.e.AbstractTransferListenerAdapter - Downloaded https://repo.maven.apache.org/maven2/com/amazonaws/aws-java-sdk-kinesis/1.11.453/aws-java-sdk-kinesis-1.11.453.pom
2018-11-20 09:35:42,110 [Worker-23] INFO  o.e.m.c.i.e.AbstractTransferListenerAdapter - Downloading https://repo.maven.apache.org/maven2/com/amazonaws/aws-java-sdk-dynamodb/1.11.453/aws-java-sdk-dynamodb-1.11.453.pom
2018-11-20 09:35:42,167 [Worker-23] INFO  o.e.m.c.i.e.AbstractTransferListenerAdapter - Downloaded https://repo.maven.apache.org/maven2/com/amazonaws/aws-java-sdk-dynamodb/1.11.453/aws-java-sdk-dynamodb-1.11.453.pom
2018-11-20 09:35:42,262 [Worker-23] INFO  o.e.m.c.i.e.AbstractTransferListenerAdapter - Downloading https://repo.maven.apache.org/maven2/com/amazonaws/aws-lambda-java-core/1.1.0/aws-lambda-java-core-1.1.0.pom
2018-11-20 09:35:42,332 [Worker-23] INFO  o.e.m.c.i.e.AbstractTransferListenerAdapter - Downloaded https://repo.maven.apache.org/maven2/com/amazonaws/aws-lambda-java-core/1.1.0/aws-lambda-java-core-1.1.0.pom
2018-11-20 09:35:42,470 [Worker-23] INFO  o.e.m.c.i.e.AbstractTransferListenerAdapter - Downloading https://repo.maven.apache.org/maven2/org/mockito/mockito-core/2.7.22/mockito-core-2.7.22.jar
2018-11-20 09:35:42,717 [Worker-23] INFO  o.e.m.c.i.e.AbstractTransferListenerAdapter - Downloaded https://repo.maven.apache.org/maven2/org/mockito/mockito-core/2.7.22/mockito-core-2.7.22.jar
2018-11-20 09:35:42,861 [Worker-23] INFO  o.e.m.c.i.e.AbstractTransferListenerAdapter - Downloading https://repo.maven.apache.org/maven2/net/bytebuddy/byte-buddy/1.6.11/byte-buddy-1.6.11.jar
2018-11-20 09:35:43,594 [Worker-23] INFO  o.e.m.c.i.e.AbstractTransferListenerAdapter - Downloaded https://repo.maven.apache.org/maven2/net/bytebuddy/byte-buddy/1.6.11/byte-buddy-1.6.11.jar
2018-11-20 09:35:43,658 [Worker-23] INFO  o.e.m.c.i.e.AbstractTransferListenerAdapter - Downloading https://repo.maven.apache.org/maven2/net/bytebuddy/byte-buddy-agent/1.6.11/byte-buddy-agent-1.6.11.jar
2018-11-20 09:35:43,717 [Worker-23] INFO  o.e.m.c.i.e.AbstractTransferListenerAdapter - Downloaded https://repo.maven.apache.org/maven2/net/bytebuddy/byte-buddy-agent/1.6.11/byte-buddy-agent-1.6.11.jar
2018-11-20 09:35:43,782 [Worker-23] INFO  o.e.m.c.i.e.AbstractTransferListenerAdapter - Downloading https://repo.maven.apache.org/maven2/org/objenesis/objenesis/2.5/objenesis-2.5.jar
2018-11-20 09:35:43,839 [Worker-23] INFO  o.e.m.c.i.e.AbstractTransferListenerAdapter - Downloaded https://repo.maven.apache.org/maven2/org/objenesis/objenesis/2.5/objenesis-2.5.jar
2018-11-20 09:35:43,907 [Worker-23] INFO  o.e.m.c.i.e.AbstractTransferListenerAdapter - Downloading https://repo.maven.apache.org/maven2/com/amazonaws/aws-java-sdk-s3/1.11.453/aws-java-sdk-s3-1.11.453.jar
2018-11-20 09:35:44,175 [Worker-23] INFO  o.e.m.c.i.e.AbstractTransferListenerAdapter - Downloaded https://repo.maven.apache.org/maven2/com/amazonaws/aws-java-sdk-s3/1.11.453/aws-java-sdk-s3-1.11.453.jar
2018-11-20 09:35:44,252 [Worker-23] INFO  o.e.m.c.i.e.AbstractTransferListenerAdapter - Downloading https://repo.maven.apache.org/maven2/com/amazonaws/aws-java-sdk-kms/1.11.453/aws-java-sdk-kms-1.11.453.jar
2018-11-20 09:35:44,428 [Worker-23] INFO  o.e.m.c.i.e.AbstractTransferListenerAdapter - Downloaded https://repo.maven.apache.org/maven2/com/amazonaws/aws-java-sdk-kms/1.11.453/aws-java-sdk-kms-1.11.453.jar
2018-11-20 09:35:44,483 [Worker-23] INFO  o.e.m.c.i.e.AbstractTransferListenerAdapter - Downloading https://repo.maven.apache.org/maven2/com/amazonaws/aws-java-sdk-core/1.11.453/aws-java-sdk-core-1.11.453.jar
2018-11-20 09:35:44,809 [Worker-23] INFO  o.e.m.c.i.e.AbstractTransferListenerAdapter - Downloaded https://repo.maven.apache.org/maven2/com/amazonaws/aws-java-sdk-core/1.11.453/aws-java-sdk-core-1.11.453.jar
2018-11-20 09:35:44,868 [Worker-23] INFO  o.e.m.c.i.e.AbstractTransferListenerAdapter - Downloading https://repo.maven.apache.org/maven2/commons-logging/commons-logging/1.1.3/commons-logging-1.1.3.jar
2018-11-20 09:35:44,972 [Worker-23] INFO  o.e.m.c.i.e.AbstractTransferListenerAdapter - Downloaded https://repo.maven.apache.org/maven2/commons-logging/commons-logging/1.1.3/commons-logging-1.1.3.jar
2018-11-20 09:35:45,028 [Worker-23] INFO  o.e.m.c.i.e.AbstractTransferListenerAdapter - Downloading https://repo.maven.apache.org/maven2/org/apache/httpcomponents/httpclient/4.5.5/httpclient-4.5.5.jar
2018-11-20 09:35:45,307 [Worker-23] INFO  o.e.m.c.i.e.AbstractTransferListenerAdapter - Downloaded https://repo.maven.apache.org/maven2/org/apache/httpcomponents/httpclient/4.5.5/httpclient-4.5.5.jar
2018-11-20 09:35:45,393 [Worker-23] INFO  o.e.m.c.i.e.AbstractTransferListenerAdapter - Downloading https://repo.maven.apache.org/maven2/org/apache/httpcomponents/httpcore/4.4.9/httpcore-4.4.9.jar
2018-11-20 09:35:45,706 [Worker-23] INFO  o.e.m.c.i.e.AbstractTransferListenerAdapter - Downloaded https://repo.maven.apache.org/maven2/org/apache/httpcomponents/httpcore/4.4.9/httpcore-4.4.9.jar
2018-11-20 09:35:45,764 [Worker-23] INFO  o.e.m.c.i.e.AbstractTransferListenerAdapter - Downloading https://repo.maven.apache.org/maven2/commons-codec/commons-codec/1.10/commons-codec-1.10.jar
2018-11-20 09:35:45,872 [Worker-23] INFO  o.e.m.c.i.e.AbstractTransferListenerAdapter - Downloaded https://repo.maven.apache.org/maven2/commons-codec/commons-codec/1.10/commons-codec-1.10.jar
2018-11-20 09:35:45,938 [Worker-23] INFO  o.e.m.c.i.e.AbstractTransferListenerAdapter - Downloading https://repo.maven.apache.org/maven2/software/amazon/ion/ion-java/1.0.2/ion-java-1.0.2.jar
2018-11-20 09:35:46,130 [Worker-23] INFO  o.e.m.c.i.e.AbstractTransferListenerAdapter - Downloaded https://repo.maven.apache.org/maven2/software/amazon/ion/ion-java/1.0.2/ion-java-1.0.2.jar
2018-11-20 09:35:46,182 [Worker-23] INFO  o.e.m.c.i.e.AbstractTransferListenerAdapter - Downloading https://repo.maven.apache.org/maven2/com/fasterxml/jackson/core/jackson-databind/2.6.7.2/jackson-databind-2.6.7.2.jar
2018-11-20 09:35:46,488 [Worker-23] INFO  o.e.m.c.i.e.AbstractTransferListenerAdapter - Downloaded https://repo.maven.apache.org/maven2/com/fasterxml/jackson/core/jackson-databind/2.6.7.2/jackson-databind-2.6.7.2.jar
2018-11-20 09:35:46,538 [Worker-23] INFO  o.e.m.c.i.e.AbstractTransferListenerAdapter - Downloading https://repo.maven.apache.org/maven2/com/fasterxml/jackson/core/jackson-annotations/2.6.0/jackson-annotations-2.6.0.jar
2018-11-20 09:35:46,656 [Worker-23] INFO  o.e.m.c.i.e.AbstractTransferListenerAdapter - Downloaded https://repo.maven.apache.org/maven2/com/fasterxml/jackson/core/jackson-annotations/2.6.0/jackson-annotations-2.6.0.jar
2018-11-20 09:35:46,714 [Worker-23] INFO  o.e.m.c.i.e.AbstractTransferListenerAdapter - Downloading https://repo.maven.apache.org/maven2/com/fasterxml/jackson/core/jackson-core/2.6.7/jackson-core-2.6.7.jar
2018-11-20 09:35:46,808 [Worker-23] INFO  o.e.m.c.i.e.AbstractTransferListenerAdapter - Downloaded https://repo.maven.apache.org/maven2/com/fasterxml/jackson/core/jackson-core/2.6.7/jackson-core-2.6.7.jar
2018-11-20 09:35:46,902 [Worker-23] INFO  o.e.m.c.i.e.AbstractTransferListenerAdapter - Downloading https://repo.maven.apache.org/maven2/com/fasterxml/jackson/dataformat/jackson-dataformat-cbor/2.6.7/jackson-dataformat-cbor-2.6.7.jar
2018-11-20 09:35:46,956 [Worker-23] INFO  o.e.m.c.i.e.AbstractTransferListenerAdapter - Downloaded https://repo.maven.apache.org/maven2/com/fasterxml/jackson/dataformat/jackson-dataformat-cbor/2.6.7/jackson-dataformat-cbor-2.6.7.jar
2018-11-20 09:35:47,016 [Worker-23] INFO  o.e.m.c.i.e.AbstractTransferListenerAdapter - Downloading https://repo.maven.apache.org/maven2/joda-time/joda-time/2.8.1/joda-time-2.8.1.jar
2018-11-20 09:35:47,225 [Worker-23] INFO  o.e.m.c.i.e.AbstractTransferListenerAdapter - Downloaded https://repo.maven.apache.org/maven2/joda-time/joda-time/2.8.1/joda-time-2.8.1.jar
2018-11-20 09:35:47,315 [Worker-23] INFO  o.e.m.c.i.e.AbstractTransferListenerAdapter - Downloading https://repo.maven.apache.org/maven2/com/amazonaws/jmespath-java/1.11.453/jmespath-java-1.11.453.jar
2018-11-20 09:35:47,382 [Worker-23] INFO  o.e.m.c.i.e.AbstractTransferListenerAdapter - Downloaded https://repo.maven.apache.org/maven2/com/amazonaws/jmespath-java/1.11.453/jmespath-java-1.11.453.jar
2018-11-20 09:35:47,437 [Worker-23] INFO  o.e.m.c.i.e.AbstractTransferListenerAdapter - Downloading https://repo.maven.apache.org/maven2/com/amazonaws/aws-lambda-java-events/1.3.0/aws-lambda-java-events-1.3.0.jar
2018-11-20 09:35:47,553 [Worker-23] INFO  o.e.m.c.i.e.AbstractTransferListenerAdapter - Downloaded https://repo.maven.apache.org/maven2/com/amazonaws/aws-lambda-java-events/1.3.0/aws-lambda-java-events-1.3.0.jar
2018-11-20 09:35:47,618 [Worker-23] INFO  o.e.m.c.i.e.AbstractTransferListenerAdapter - Downloading https://repo.maven.apache.org/maven2/com/amazonaws/aws-java-sdk-sns/1.11.453/aws-java-sdk-sns-1.11.453.jar
2018-11-20 09:35:47,782 [Worker-23] INFO  o.e.m.c.i.e.AbstractTransferListenerAdapter - Downloaded https://repo.maven.apache.org/maven2/com/amazonaws/aws-java-sdk-sns/1.11.453/aws-java-sdk-sns-1.11.453.jar
2018-11-20 09:35:47,854 [Worker-23] INFO  o.e.m.c.i.e.AbstractTransferListenerAdapter - Downloading https://repo.maven.apache.org/maven2/com/amazonaws/aws-java-sdk-sqs/1.11.453/aws-java-sdk-sqs-1.11.453.jar
2018-11-20 09:35:48,050 [Worker-23] INFO  o.e.m.c.i.e.AbstractTransferListenerAdapter - Downloaded https://repo.maven.apache.org/maven2/com/amazonaws/aws-java-sdk-sqs/1.11.453/aws-java-sdk-sqs-1.11.453.jar
2018-11-20 09:35:48,111 [Worker-23] INFO  o.e.m.c.i.e.AbstractTransferListenerAdapter - Downloading https://repo.maven.apache.org/maven2/com/amazonaws/aws-java-sdk-cognitoidentity/1.11.453/aws-java-sdk-cognitoidentity-1.11.453.jar
2018-11-20 09:35:48,221 [Worker-23] INFO  o.e.m.c.i.e.AbstractTransferListenerAdapter - Downloaded https://repo.maven.apache.org/maven2/com/amazonaws/aws-java-sdk-cognitoidentity/1.11.453/aws-java-sdk-cognitoidentity-1.11.453.jar
2018-11-20 09:35:48,294 [Worker-23] INFO  o.e.m.c.i.e.AbstractTransferListenerAdapter - Downloading https://repo.maven.apache.org/maven2/com/amazonaws/aws-java-sdk-kinesis/1.11.453/aws-java-sdk-kinesis-1.11.453.jar
2018-11-20 09:35:48,636 [Worker-23] INFO  o.e.m.c.i.e.AbstractTransferListenerAdapter - Downloaded https://repo.maven.apache.org/maven2/com/amazonaws/aws-java-sdk-kinesis/1.11.453/aws-java-sdk-kinesis-1.11.453.jar
2018-11-20 09:35:48,700 [Worker-23] INFO  o.e.m.c.i.e.AbstractTransferListenerAdapter - Downloading https://repo.maven.apache.org/maven2/com/amazonaws/aws-java-sdk-dynamodb/1.11.453/aws-java-sdk-dynamodb-1.11.453.jar
2018-11-20 09:35:50,391 [Worker-23] INFO  o.e.m.c.i.e.AbstractTransferListenerAdapter - Downloaded https://repo.maven.apache.org/maven2/com/amazonaws/aws-java-sdk-dynamodb/1.11.453/aws-java-sdk-dynamodb-1.11.453.jar
2018-11-20 09:35:50,448 [Worker-23] INFO  o.e.m.c.i.e.AbstractTransferListenerAdapter - Downloading https://repo.maven.apache.org/maven2/com/amazonaws/aws-lambda-java-core/1.1.0/aws-lambda-java-core-1.1.0.jar
2018-11-20 09:35:50,566 [Worker-23] INFO  o.e.m.c.i.e.AbstractTransferListenerAdapter - Downloaded https://repo.maven.apache.org/maven2/com/amazonaws/aws-lambda-java-core/1.1.0/aws-lambda-java-core-1.1.0.jar
2018-11-20 09:35:56,228 [Worker-11] INFO  o.e.m.c.i.p.ProjectConfigurationManager - Update started
2018-11-20 09:35:56,620 [Worker-11] INFO  o.e.m.c.i.e.AbstractTransferListenerAdapter - Downloading https://repo.maven.apache.org/maven2/org/apache/maven/plugins/maven-compiler-plugin/3.6.0/maven-compiler-plugin-3.6.0.jar
2018-11-20 09:35:56,787 [Worker-11] INFO  o.e.m.c.i.e.AbstractTransferListenerAdapter - Downloaded https://repo.maven.apache.org/maven2/org/apache/maven/plugins/maven-compiler-plugin/3.6.0/maven-compiler-plugin-3.6.0.jar
2018-11-20 09:35:56,967 [Worker-11] INFO  o.e.m.c.i.e.AbstractTransferListenerAdapter - Downloading https://repo.maven.apache.org/maven2/org/apache/maven/plugins/maven-shade-plugin/3.0.0/maven-shade-plugin-3.0.0.jar
2018-11-20 09:35:57,081 [Worker-11] INFO  o.e.m.c.i.e.AbstractTransferListenerAdapter - Downloaded https://repo.maven.apache.org/maven2/org/apache/maven/plugins/maven-shade-plugin/3.0.0/maven-shade-plugin-3.0.0.jar
2018-11-20 09:35:57,400 [Worker-11] INFO  o.e.m.c.i.e.AbstractTransferListenerAdapter - Downloading https://repo.maven.apache.org/maven2/org/apache/maven/plugins/maven-compiler-plugin/3.6.0/maven-compiler-plugin-3.6.0.pom
2018-11-20 09:35:57,508 [Worker-11] INFO  o.e.m.c.i.e.AbstractTransferListenerAdapter - Downloaded https://repo.maven.apache.org/maven2/org/apache/maven/plugins/maven-compiler-plugin/3.6.0/maven-compiler-plugin-3.6.0.pom
2018-11-20 09:35:58,346 [Worker-11] INFO  o.e.m.c.i.e.AbstractTransferListenerAdapter - Downloading https://repo.maven.apache.org/maven2/org/ow2/asm/asm/6.0_ALPHA/asm-6.0_ALPHA.pom
2018-11-20 09:35:58,400 [Worker-11] INFO  o.e.m.c.i.e.AbstractTransferListenerAdapter - Downloaded https://repo.maven.apache.org/maven2/org/ow2/asm/asm/6.0_ALPHA/asm-6.0_ALPHA.pom
2018-11-20 09:35:58,468 [Worker-11] INFO  o.e.m.c.i.e.AbstractTransferListenerAdapter - Downloading https://repo.maven.apache.org/maven2/org/ow2/asm/asm-parent/6.0_ALPHA/asm-parent-6.0_ALPHA.pom
2018-11-20 09:35:58,541 [Worker-11] INFO  o.e.m.c.i.e.AbstractTransferListenerAdapter - Downloaded https://repo.maven.apache.org/maven2/org/ow2/asm/asm-parent/6.0_ALPHA/asm-parent-6.0_ALPHA.pom
2018-11-20 09:35:58,642 [Worker-11] INFO  o.e.m.c.i.e.AbstractTransferListenerAdapter - Downloading https://repo.maven.apache.org/maven2/org/codehaus/plexus/plexus-compiler-api/2.8.1/plexus-compiler-api-2.8.1.pom
2018-11-20 09:35:58,684 [Worker-11] INFO  o.e.m.c.i.e.AbstractTransferListenerAdapter - Downloaded https://repo.maven.apache.org/maven2/org/codehaus/plexus/plexus-compiler-api/2.8.1/plexus-compiler-api-2.8.1.pom
2018-11-20 09:35:58,776 [Worker-11] INFO  o.e.m.c.i.e.AbstractTransferListenerAdapter - Downloading https://repo.maven.apache.org/maven2/org/codehaus/plexus/plexus-compiler/2.8.1/plexus-compiler-2.8.1.pom
2018-11-20 09:35:58,828 [Worker-11] INFO  o.e.m.c.i.e.AbstractTransferListenerAdapter - Downloaded https://repo.maven.apache.org/maven2/org/codehaus/plexus/plexus-compiler/2.8.1/plexus-compiler-2.8.1.pom
2018-11-20 09:35:58,947 [Worker-11] INFO  o.e.m.c.i.e.AbstractTransferListenerAdapter - Downloading https://repo.maven.apache.org/maven2/org/codehaus/plexus/plexus-compiler-manager/2.8.1/plexus-compiler-manager-2.8.1.pom
2018-11-20 09:35:59,027 [Worker-11] INFO  o.e.m.c.i.e.AbstractTransferListenerAdapter - Downloaded https://repo.maven.apache.org/maven2/org/codehaus/plexus/plexus-compiler-manager/2.8.1/plexus-compiler-manager-2.8.1.pom
2018-11-20 09:35:59,078 [Worker-11] INFO  o.e.m.c.i.e.AbstractTransferListenerAdapter - Downloading https://repo.maven.apache.org/maven2/org/codehaus/plexus/plexus-compiler-javac/2.8.1/plexus-compiler-javac-2.8.1.pom
2018-11-20 09:35:59,141 [Worker-11] INFO  o.e.m.c.i.e.AbstractTransferListenerAdapter - Downloaded https://repo.maven.apache.org/maven2/org/codehaus/plexus/plexus-compiler-javac/2.8.1/plexus-compiler-javac-2.8.1.pom
2018-11-20 09:35:59,197 [Worker-11] INFO  o.e.m.c.i.e.AbstractTransferListenerAdapter - Downloading https://repo.maven.apache.org/maven2/org/codehaus/plexus/plexus-compilers/2.8.1/plexus-compilers-2.8.1.pom
2018-11-20 09:36:00,256 [Worker-11] INFO  o.e.m.c.i.e.AbstractTransferListenerAdapter - Downloaded https://repo.maven.apache.org/maven2/org/codehaus/plexus/plexus-compilers/2.8.1/plexus-compilers-2.8.1.pom
2018-11-20 09:36:00,446 [Worker-11] INFO  o.e.m.c.i.e.AbstractTransferListenerAdapter - Downloading https://repo.maven.apache.org/maven2/org/ow2/asm/asm/6.0_ALPHA/asm-6.0_ALPHA.jar
2018-11-20 09:36:00,807 [Worker-11] INFO  o.e.m.c.i.e.AbstractTransferListenerAdapter - Downloaded https://repo.maven.apache.org/maven2/org/ow2/asm/asm/6.0_ALPHA/asm-6.0_ALPHA.jar
2018-11-20 09:36:00,887 [Worker-11] INFO  o.e.m.c.i.e.AbstractTransferListenerAdapter - Downloading https://repo.maven.apache.org/maven2/org/codehaus/plexus/plexus-compiler-api/2.8.1/plexus-compiler-api-2.8.1.jar
2018-11-20 09:36:00,991 [Worker-11] INFO  o.e.m.c.i.e.AbstractTransferListenerAdapter - Downloaded https://repo.maven.apache.org/maven2/org/codehaus/plexus/plexus-compiler-api/2.8.1/plexus-compiler-api-2.8.1.jar
2018-11-20 09:36:01,048 [Worker-11] INFO  o.e.m.c.i.e.AbstractTransferListenerAdapter - Downloading https://repo.maven.apache.org/maven2/org/codehaus/plexus/plexus-compiler-manager/2.8.1/plexus-compiler-manager-2.8.1.jar
2018-11-20 09:36:01,106 [Worker-11] INFO  o.e.m.c.i.e.AbstractTransferListenerAdapter - Downloaded https://repo.maven.apache.org/maven2/org/codehaus/plexus/plexus-compiler-manager/2.8.1/plexus-compiler-manager-2.8.1.jar
2018-11-20 09:36:01,159 [Worker-11] INFO  o.e.m.c.i.e.AbstractTransferListenerAdapter - Downloading https://repo.maven.apache.org/maven2/org/codehaus/plexus/plexus-compiler-javac/2.8.1/plexus-compiler-javac-2.8.1.jar
2018-11-20 09:36:01,242 [Worker-11] INFO  o.e.m.c.i.e.AbstractTransferListenerAdapter - Downloaded https://repo.maven.apache.org/maven2/org/codehaus/plexus/plexus-compiler-javac/2.8.1/plexus-compiler-javac-2.8.1.jar
2018-11-20 09:36:01,810 [Worker-11] INFO  o.e.m.c.i.l.LifecycleMappingFactory - Using org.eclipse.m2e.jdt.JarLifecycleMapping lifecycle mapping for MavenProject: com.amazonaws.lambda:demo:1.0.0 @ C:\Users\Nicolas\Desktop\TP_JEE\myConverser\pom.xml.
2018-11-20 09:36:02,465 [Worker-11] INFO  o.e.m.j.i.AbstractJavaProjectConfigurator - Adding source folder /myConverser/src/main/java
2018-11-20 09:36:02,465 [Worker-11] INFO  o.e.m.j.i.AbstractJavaProjectConfigurator - Adding resource folder /myConverser/src/main/resources
2018-11-20 09:36:02,471 [Worker-11] INFO  o.e.m.j.i.AbstractJavaProjectConfigurator - Adding source folder /myConverser/src/test/java
2018-11-20 09:36:02,472 [Worker-11] INFO  o.e.m.j.i.AbstractJavaProjectConfigurator - Adding resource folder /myConverser/src/test/resources
2018-11-20 09:36:02,713 [Worker-11] WARN  o.e.m.c.i.embedder.EclipseLogger - Using platform encoding (Cp1252 actually) to copy filtered resources, i.e. build is platform dependent!
2018-11-20 09:36:02,725 [Worker-11] INFO  o.e.m.c.i.embedder.EclipseLogger - Copying 0 resource
2018-11-20 09:36:02,729 [Worker-11] WARN  o.e.m.c.i.embedder.EclipseLogger - Using platform encoding (Cp1252 actually) to copy filtered resources, i.e. build is platform dependent!
2018-11-20 09:36:02,730 [Worker-11] INFO  o.e.m.c.i.embedder.EclipseLogger - Copying 1 resource
2018-11-20 09:36:02,912 [Worker-11] INFO  o.e.m.c.i.e.AbstractTransferListenerAdapter - Downloading https://repo.maven.apache.org/maven2/org/apache/maven/plugins/maven-shade-plugin/3.0.0/maven-shade-plugin-3.0.0.pom
2018-11-20 09:36:02,972 [Worker-11] INFO  o.e.m.c.i.e.AbstractTransferListenerAdapter - Downloaded https://repo.maven.apache.org/maven2/org/apache/maven/plugins/maven-shade-plugin/3.0.0/maven-shade-plugin-3.0.0.pom
2018-11-20 09:36:03,448 [Worker-11] INFO  o.e.m.c.i.p.ProjectConfigurationManager - Update completed: 7 sec
2018-11-20 09:36:05,110 [Worker-11] WARN  o.e.m.c.i.embedder.EclipseLogger - Using platform encoding (Cp1252 actually) to copy filtered resources, i.e. build is platform dependent!
2018-11-20 09:36:05,111 [Worker-11] INFO  o.e.m.c.i.embedder.EclipseLogger - Copying 0 resource
2018-11-20 09:36:05,113 [Worker-11] WARN  o.e.m.c.i.embedder.EclipseLogger - Using platform encoding (Cp1252 actually) to copy filtered resources, i.e. build is platform dependent!
2018-11-20 09:36:05,114 [Worker-11] INFO  o.e.m.c.i.embedder.EclipseLogger - Copying 1 resource
2018-11-20 09:39:52,605 [Worker-24] WARN  o.e.m.c.i.embedder.EclipseLogger - Using platform encoding (Cp1252 actually) to copy filtered resources, i.e. build is platform dependent!
2018-11-20 09:39:52,606 [Worker-24] INFO  o.e.m.c.i.embedder.EclipseLogger - Copying 0 resource
2018-11-20 09:39:52,608 [Worker-24] WARN  o.e.m.c.i.embedder.EclipseLogger - Using platform encoding (Cp1252 actually) to copy filtered resources, i.e. build is platform dependent!
2018-11-20 09:39:52,609 [Worker-24] INFO  o.e.m.c.i.embedder.EclipseLogger - Copying 0 resource
2018-11-20 09:44:34,787 [Worker-11] WARN  o.e.m.c.i.embedder.EclipseLogger - Using platform encoding (Cp1252 actually) to copy filtered resources, i.e. build is platform dependent!
2018-11-20 09:44:34,787 [Worker-11] INFO  o.e.m.c.i.embedder.EclipseLogger - Copying 0 resource
2018-11-20 09:44:34,787 [Worker-11] WARN  o.e.m.c.i.embedder.EclipseLogger - Using platform encoding (Cp1252 actually) to copy filtered resources, i.e. build is platform dependent!
2018-11-20 09:44:34,787 [Worker-11] INFO  o.e.m.c.i.embedder.EclipseLogger - Copying 0 resource
2018-11-20 09:44:42,107 [Worker-29] WARN  o.e.m.c.i.embedder.EclipseLogger - Using platform encoding (Cp1252 actually) to copy filtered resources, i.e. build is platform dependent!
2018-11-20 09:44:42,109 [Worker-29] INFO  o.e.m.c.i.embedder.EclipseLogger - Copying 0 resource
2018-11-20 09:44:42,112 [Worker-29] WARN  o.e.m.c.i.embedder.EclipseLogger - Using platform encoding (Cp1252 actually) to copy filtered resources, i.e. build is platform dependent!
2018-11-20 09:44:42,116 [Worker-29] INFO  o.e.m.c.i.embedder.EclipseLogger - Copying 0 resource
2018-11-20 09:45:23,251 [Worker-11] WARN  o.e.m.c.i.embedder.EclipseLogger - Using platform encoding (Cp1252 actually) to copy filtered resources, i.e. build is platform dependent!
2018-11-20 09:45:23,251 [Worker-11] INFO  o.e.m.c.i.embedder.EclipseLogger - Copying 0 resource
2018-11-20 09:45:23,267 [Worker-11] WARN  o.e.m.c.i.embedder.EclipseLogger - Using platform encoding (Cp1252 actually) to copy filtered resources, i.e. build is platform dependent!
2018-11-20 09:45:23,267 [Worker-11] INFO  o.e.m.c.i.embedder.EclipseLogger - Copying 0 resource
2018-11-20 09:45:36,769 [Worker-24] WARN  o.e.m.c.i.embedder.EclipseLogger - Using platform encoding (Cp1252 actually) to copy filtered resources, i.e. build is platform dependent!
2018-11-20 09:45:36,769 [Worker-24] INFO  o.e.m.c.i.embedder.EclipseLogger - Copying 0 resource
2018-11-20 09:45:36,769 [Worker-24] WARN  o.e.m.c.i.embedder.EclipseLogger - Using platform encoding (Cp1252 actually) to copy filtered resources, i.e. build is platform dependent!
2018-11-20 09:45:36,769 [Worker-24] INFO  o.e.m.c.i.embedder.EclipseLogger - Copying 0 resource
2018-11-20 09:46:14,680 [Worker-31] WARN  o.e.m.c.i.embedder.EclipseLogger - Using platform encoding (Cp1252 actually) to copy filtered resources, i.e. build is platform dependent!
2018-11-20 09:46:14,680 [Worker-31] INFO  o.e.m.c.i.embedder.EclipseLogger - Copying 0 resource
2018-11-20 09:46:14,696 [Worker-31] WARN  o.e.m.c.i.embedder.EclipseLogger - Using platform encoding (Cp1252 actually) to copy filtered resources, i.e. build is platform dependent!
2018-11-20 09:46:14,696 [Worker-31] INFO  o.e.m.c.i.embedder.EclipseLogger - Copying 0 resource
2018-11-20 09:50:44,693 [Worker-30] INFO  o.e.m.c.i.p.ProjectConfigurationManager - Update started
2018-11-20 09:50:45,427 [Worker-30] INFO  o.e.m.c.i.l.LifecycleMappingFactory - Using org.eclipse.m2e.jdt.JarLifecycleMapping lifecycle mapping for MavenProject: com.amazonaws.lambda:demo:1.0.0 @ C:\Users\Nicolas\Desktop\TP_JEE\myConverser\pom.xml.
2018-11-20 09:50:45,913 [Worker-30] INFO  o.e.m.j.i.AbstractJavaProjectConfigurator - Adding source folder /myConverser/src/main/java
2018-11-20 09:50:45,913 [Worker-30] INFO  o.e.m.j.i.AbstractJavaProjectConfigurator - Adding resource folder /myConverser/src/main/resources
2018-11-20 09:50:45,913 [Worker-30] INFO  o.e.m.j.i.AbstractJavaProjectConfigurator - Adding source folder /myConverser/src/test/java
2018-11-20 09:50:45,928 [Worker-30] INFO  o.e.m.j.i.AbstractJavaProjectConfigurator - Adding resource folder /myConverser/src/test/resources
2018-11-20 09:50:46,116 [Worker-30] WARN  o.e.m.c.i.embedder.EclipseLogger - Using platform encoding (Cp1252 actually) to copy filtered resources, i.e. build is platform dependent!
2018-11-20 09:50:46,116 [Worker-30] INFO  o.e.m.c.i.embedder.EclipseLogger - Copying 0 resource
2018-11-20 09:50:46,116 [Worker-30] WARN  o.e.m.c.i.embedder.EclipseLogger - Using platform encoding (Cp1252 actually) to copy filtered resources, i.e. build is platform dependent!
2018-11-20 09:50:46,116 [Worker-30] INFO  o.e.m.c.i.embedder.EclipseLogger - Copying 1 resource
2018-11-20 09:50:46,568 [Worker-30] INFO  o.e.m.c.i.p.ProjectConfigurationManager - Update completed: 1 sec
2018-11-20 09:50:46,838 [Worker-29] WARN  o.e.m.c.i.embedder.EclipseLogger - Using platform encoding (Cp1252 actually) to copy filtered resources, i.e. build is platform dependent!
2018-11-20 09:50:46,838 [Worker-29] INFO  o.e.m.c.i.embedder.EclipseLogger - Copying 0 resource
2018-11-20 09:50:46,838 [Worker-29] WARN  o.e.m.c.i.embedder.EclipseLogger - Using platform encoding (Cp1252 actually) to copy filtered resources, i.e. build is platform dependent!
2018-11-20 09:50:46,838 [Worker-29] INFO  o.e.m.c.i.embedder.EclipseLogger - Copying 1 resource
2018-11-20 09:51:11,408 [Worker-32] WARN  o.e.m.c.i.embedder.EclipseLogger - Using platform encoding (Cp1252 actually) to copy filtered resources, i.e. build is platform dependent!
2018-11-20 09:51:11,408 [Worker-32] INFO  o.e.m.c.i.embedder.EclipseLogger - Copying 0 resource
2018-11-20 09:51:11,408 [Worker-32] WARN  o.e.m.c.i.embedder.EclipseLogger - Using platform encoding (Cp1252 actually) to copy filtered resources, i.e. build is platform dependent!
2018-11-20 09:51:11,408 [Worker-32] INFO  o.e.m.c.i.embedder.EclipseLogger - Copying 0 resource
2018-11-20 09:58:12,883 [Worker-33] ERROR o.e.m.j.i.l.MavenLaunchConfigurationListener - Launch configuration LambdaFunctionHandlerTest references non-existing project myConverser.
org.eclipse.core.runtime.CoreException: Launch configuration LambdaFunctionHandlerTest references non-existing project myConverser.
	at org.eclipse.jdt.launching.JavaRuntime.abort(JavaRuntime.java:1702) ~[org.eclipse.jdt.launching_3.9.51.v20171114-1018.jar:na]
	at org.eclipse.jdt.launching.JavaRuntime.getJavaProject(JavaRuntime.java:1577) ~[org.eclipse.jdt.launching_3.9.51.v20171114-1018.jar:na]
	at org.eclipse.m2e.jdt.internal.launch.MavenLaunchConfigurationListener.updateLaunchConfiguration(MavenLaunchConfigurationListener.java:53) [org.eclipse.m2e.jdt_1.8.2.20171007-0217.jar:na]
	at org.eclipse.m2e.jdt.internal.launch.MavenLaunchConfigurationListener.launchConfigurationChanged(MavenLaunchConfigurationListener.java:38) [org.eclipse.m2e.jdt_1.8.2.20171007-0217.jar:na]
	at org.eclipse.debug.internal.core.LaunchManager$ConfigurationNotifier.run(LaunchManager.java:226) [org.eclipse.debug.core_3.11.0.v20170605-1534.jar:na]
	at org.eclipse.core.runtime.SafeRunner.run(SafeRunner.java:42) [org.eclipse.equinox.common_3.9.0.v20170207-1454.jar:na]
	at org.eclipse.debug.internal.core.LaunchManager$ConfigurationNotifier.notify(LaunchManager.java:207) [org.eclipse.debug.core_3.11.0.v20170605-1534.jar:na]
	at org.eclipse.debug.internal.core.LaunchConfigurationWorkingCopy.setDirty(LaunchConfigurationWorkingCopy.java:552) [org.eclipse.debug.core_3.11.0.v20170605-1534.jar:na]
	at org.eclipse.debug.internal.core.LaunchConfigurationWorkingCopy.setAttribute(LaunchConfigurationWorkingCopy.java:425) [org.eclipse.debug.core_3.11.0.v20170605-1534.jar:na]
	at org.eclipse.m2e.jdt.internal.launch.MavenRuntimeClasspathProvider.disable(MavenRuntimeClasspathProvider.java:309) [org.eclipse.m2e.jdt_1.8.2.20171007-0217.jar:na]
	at org.eclipse.m2e.jdt.internal.launch.MavenRuntimeClasspathProvider.disable(MavenRuntimeClasspathProvider.java:335) [org.eclipse.m2e.jdt_1.8.2.20171007-0217.jar:na]
	at org.eclipse.m2e.jdt.internal.launch.MavenLaunchConfigurationListener.mavenProjectChanged(MavenLaunchConfigurationListener.java:70) [org.eclipse.m2e.jdt_1.8.2.20171007-0217.jar:na]
	at org.eclipse.m2e.core.internal.project.registry.ProjectRegistryManager.notifyProjectChangeListeners(ProjectRegistryManager.java:783) [org.eclipse.m2e.core_1.8.2.20171007-0217.jar:na]
	at org.eclipse.m2e.core.internal.project.registry.ProjectRegistryManager.applyMutableProjectRegistry(ProjectRegistryManager.java:930) [org.eclipse.m2e.core_1.8.2.20171007-0217.jar:na]
	at org.eclipse.m2e.core.internal.project.registry.ProjectRegistryRefreshJob$1.call(ProjectRegistryRefreshJob.java:98) [org.eclipse.m2e.core_1.8.2.20171007-0217.jar:na]
	at org.eclipse.m2e.core.internal.project.registry.ProjectRegistryRefreshJob$1.call(ProjectRegistryRefreshJob.java:1) [org.eclipse.m2e.core_1.8.2.20171007-0217.jar:na]
	at org.eclipse.m2e.core.internal.embedder.MavenExecutionContext.executeBare(MavenExecutionContext.java:177) [org.eclipse.m2e.core_1.8.2.20171007-0217.jar:na]
	at org.eclipse.m2e.core.internal.embedder.MavenExecutionContext.execute(MavenExecutionContext.java:151) [org.eclipse.m2e.core_1.8.2.20171007-0217.jar:na]
	at org.eclipse.m2e.core.internal.embedder.MavenExecutionContext.execute(MavenExecutionContext.java:99) [org.eclipse.m2e.core_1.8.2.20171007-0217.jar:na]
	at org.eclipse.m2e.core.internal.embedder.MavenImpl.execute(MavenImpl.java:1355) [org.eclipse.m2e.core_1.8.2.20171007-0217.jar:na]
	at org.eclipse.m2e.core.internal.project.registry.ProjectRegistryRefreshJob.run(ProjectRegistryRefreshJob.java:81) [org.eclipse.m2e.core_1.8.2.20171007-0217.jar:na]
	at org.eclipse.core.internal.jobs.Worker.run(Worker.java:56) [org.eclipse.core.jobs_3.9.2.v20171030-1027.jar:na]
2018-11-20 09:58:12,883 [Worker-33] ERROR o.e.m.j.i.l.MavenLaunchConfigurationListener - Launch configuration LambdaFunctionHandlerTest references non-existing project myConverser.
org.eclipse.core.runtime.CoreException: Launch configuration LambdaFunctionHandlerTest references non-existing project myConverser.
	at org.eclipse.jdt.launching.JavaRuntime.abort(JavaRuntime.java:1702) ~[org.eclipse.jdt.launching_3.9.51.v20171114-1018.jar:na]
	at org.eclipse.jdt.launching.JavaRuntime.getJavaProject(JavaRuntime.java:1577) ~[org.eclipse.jdt.launching_3.9.51.v20171114-1018.jar:na]
	at org.eclipse.m2e.jdt.internal.launch.MavenLaunchConfigurationListener.updateLaunchConfiguration(MavenLaunchConfigurationListener.java:53) [org.eclipse.m2e.jdt_1.8.2.20171007-0217.jar:na]
	at org.eclipse.m2e.jdt.internal.launch.MavenLaunchConfigurationListener.launchConfigurationChanged(MavenLaunchConfigurationListener.java:38) [org.eclipse.m2e.jdt_1.8.2.20171007-0217.jar:na]
	at org.eclipse.debug.internal.core.LaunchManager$ConfigurationNotifier.run(LaunchManager.java:226) [org.eclipse.debug.core_3.11.0.v20170605-1534.jar:na]
	at org.eclipse.core.runtime.SafeRunner.run(SafeRunner.java:42) [org.eclipse.equinox.common_3.9.0.v20170207-1454.jar:na]
	at org.eclipse.debug.internal.core.LaunchManager$ConfigurationNotifier.notify(LaunchManager.java:207) [org.eclipse.debug.core_3.11.0.v20170605-1534.jar:na]
	at org.eclipse.debug.internal.core.LaunchConfigurationWorkingCopy.setDirty(LaunchConfigurationWorkingCopy.java:552) [org.eclipse.debug.core_3.11.0.v20170605-1534.jar:na]
	at org.eclipse.debug.internal.core.LaunchConfigurationWorkingCopy.setAttribute(LaunchConfigurationWorkingCopy.java:425) [org.eclipse.debug.core_3.11.0.v20170605-1534.jar:na]
	at org.eclipse.m2e.jdt.internal.launch.MavenRuntimeClasspathProvider.disable(MavenRuntimeClasspathProvider.java:310) [org.eclipse.m2e.jdt_1.8.2.20171007-0217.jar:na]
	at org.eclipse.m2e.jdt.internal.launch.MavenRuntimeClasspathProvider.disable(MavenRuntimeClasspathProvider.java:335) [org.eclipse.m2e.jdt_1.8.2.20171007-0217.jar:na]
	at org.eclipse.m2e.jdt.internal.launch.MavenLaunchConfigurationListener.mavenProjectChanged(MavenLaunchConfigurationListener.java:70) [org.eclipse.m2e.jdt_1.8.2.20171007-0217.jar:na]
	at org.eclipse.m2e.core.internal.project.registry.ProjectRegistryManager.notifyProjectChangeListeners(ProjectRegistryManager.java:783) [org.eclipse.m2e.core_1.8.2.20171007-0217.jar:na]
	at org.eclipse.m2e.core.internal.project.registry.ProjectRegistryManager.applyMutableProjectRegistry(ProjectRegistryManager.java:930) [org.eclipse.m2e.core_1.8.2.20171007-0217.jar:na]
	at org.eclipse.m2e.core.internal.project.registry.ProjectRegistryRefreshJob$1.call(ProjectRegistryRefreshJob.java:98) [org.eclipse.m2e.core_1.8.2.20171007-0217.jar:na]
	at org.eclipse.m2e.core.internal.project.registry.ProjectRegistryRefreshJob$1.call(ProjectRegistryRefreshJob.java:1) [org.eclipse.m2e.core_1.8.2.20171007-0217.jar:na]
	at org.eclipse.m2e.core.internal.embedder.MavenExecutionContext.executeBare(MavenExecutionContext.java:177) [org.eclipse.m2e.core_1.8.2.20171007-0217.jar:na]
	at org.eclipse.m2e.core.internal.embedder.MavenExecutionContext.execute(MavenExecutionContext.java:151) [org.eclipse.m2e.core_1.8.2.20171007-0217.jar:na]
	at org.eclipse.m2e.core.internal.embedder.MavenExecutionContext.execute(MavenExecutionContext.java:99) [org.eclipse.m2e.core_1.8.2.20171007-0217.jar:na]
	at org.eclipse.m2e.core.internal.embedder.MavenImpl.execute(MavenImpl.java:1355) [org.eclipse.m2e.core_1.8.2.20171007-0217.jar:na]
	at org.eclipse.m2e.core.internal.project.registry.ProjectRegistryRefreshJob.run(ProjectRegistryRefreshJob.java:81) [org.eclipse.m2e.core_1.8.2.20171007-0217.jar:na]
	at org.eclipse.core.internal.jobs.Worker.run(Worker.java:56) [org.eclipse.core.jobs_3.9.2.v20171030-1027.jar:na]
2018-11-20 09:58:12,899 [Worker-33] ERROR o.e.m.j.i.l.MavenLaunchConfigurationListener - Launch configuration LambdaFunctionHandlerTest references non-existing project myConverser.
org.eclipse.core.runtime.CoreException: Launch configuration LambdaFunctionHandlerTest references non-existing project myConverser.
	at org.eclipse.jdt.launching.JavaRuntime.abort(JavaRuntime.java:1702) ~[org.eclipse.jdt.launching_3.9.51.v20171114-1018.jar:na]
	at org.eclipse.jdt.launching.JavaRuntime.getJavaProject(JavaRuntime.java:1577) ~[org.eclipse.jdt.launching_3.9.51.v20171114-1018.jar:na]
	at org.eclipse.m2e.jdt.internal.launch.MavenLaunchConfigurationListener.updateLaunchConfiguration(MavenLaunchConfigurationListener.java:53) [org.eclipse.m2e.jdt_1.8.2.20171007-0217.jar:na]
	at org.eclipse.m2e.jdt.internal.launch.MavenLaunchConfigurationListener.launchConfigurationChanged(MavenLaunchConfigurationListener.java:38) [org.eclipse.m2e.jdt_1.8.2.20171007-0217.jar:na]
	at org.eclipse.debug.internal.core.LaunchManager$ConfigurationNotifier.run(LaunchManager.java:226) [org.eclipse.debug.core_3.11.0.v20170605-1534.jar:na]
	at org.eclipse.core.runtime.SafeRunner.run(SafeRunner.java:42) [org.eclipse.equinox.common_3.9.0.v20170207-1454.jar:na]
	at org.eclipse.debug.internal.core.LaunchManager$ConfigurationNotifier.notify(LaunchManager.java:207) [org.eclipse.debug.core_3.11.0.v20170605-1534.jar:na]
	at org.eclipse.debug.internal.core.LaunchManager.launchConfigurationChanged(LaunchManager.java:2166) [org.eclipse.debug.core_3.11.0.v20170605-1534.jar:na]
	at org.eclipse.debug.internal.core.LaunchConfigurationWorkingCopy.writeNewFile(LaunchConfigurationWorkingCopy.java:384) [org.eclipse.debug.core_3.11.0.v20170605-1534.jar:na]
	at org.eclipse.debug.internal.core.LaunchConfigurationWorkingCopy.doSave0(LaunchConfigurationWorkingCopy.java:250) [org.eclipse.debug.core_3.11.0.v20170605-1534.jar:na]
	at org.eclipse.debug.internal.core.LaunchConfigurationWorkingCopy.doSave(LaunchConfigurationWorkingCopy.java:220) [org.eclipse.debug.core_3.11.0.v20170605-1534.jar:na]
	at org.eclipse.debug.internal.core.LaunchConfigurationWorkingCopy.doSave(LaunchConfigurationWorkingCopy.java:173) [org.eclipse.debug.core_3.11.0.v20170605-1534.jar:na]
	at org.eclipse.m2e.jdt.internal.launch.MavenRuntimeClasspathProvider.disable(MavenRuntimeClasspathProvider.java:311) [org.eclipse.m2e.jdt_1.8.2.20171007-0217.jar:na]
	at org.eclipse.m2e.jdt.internal.launch.MavenRuntimeClasspathProvider.disable(MavenRuntimeClasspathProvider.java:335) [org.eclipse.m2e.jdt_1.8.2.20171007-0217.jar:na]
	at org.eclipse.m2e.jdt.internal.launch.MavenLaunchConfigurationListener.mavenProjectChanged(MavenLaunchConfigurationListener.java:70) [org.eclipse.m2e.jdt_1.8.2.20171007-0217.jar:na]
	at org.eclipse.m2e.core.internal.project.registry.ProjectRegistryManager.notifyProjectChangeListeners(ProjectRegistryManager.java:783) [org.eclipse.m2e.core_1.8.2.20171007-0217.jar:na]
	at org.eclipse.m2e.core.internal.project.registry.ProjectRegistryManager.applyMutableProjectRegistry(ProjectRegistryManager.java:930) [org.eclipse.m2e.core_1.8.2.20171007-0217.jar:na]
	at org.eclipse.m2e.core.internal.project.registry.ProjectRegistryRefreshJob$1.call(ProjectRegistryRefreshJob.java:98) [org.eclipse.m2e.core_1.8.2.20171007-0217.jar:na]
	at org.eclipse.m2e.core.internal.project.registry.ProjectRegistryRefreshJob$1.call(ProjectRegistryRefreshJob.java:1) [org.eclipse.m2e.core_1.8.2.20171007-0217.jar:na]
	at org.eclipse.m2e.core.internal.embedder.MavenExecutionContext.executeBare(MavenExecutionContext.java:177) [org.eclipse.m2e.core_1.8.2.20171007-0217.jar:na]
	at org.eclipse.m2e.core.internal.embedder.MavenExecutionContext.execute(MavenExecutionContext.java:151) [org.eclipse.m2e.core_1.8.2.20171007-0217.jar:na]
	at org.eclipse.m2e.core.internal.embedder.MavenExecutionContext.execute(MavenExecutionContext.java:99) [org.eclipse.m2e.core_1.8.2.20171007-0217.jar:na]
	at org.eclipse.m2e.core.internal.embedder.MavenImpl.execute(MavenImpl.java:1355) [org.eclipse.m2e.core_1.8.2.20171007-0217.jar:na]
	at org.eclipse.m2e.core.internal.project.registry.ProjectRegistryRefreshJob.run(ProjectRegistryRefreshJob.java:81) [org.eclipse.m2e.core_1.8.2.20171007-0217.jar:na]
	at org.eclipse.core.internal.jobs.Worker.run(Worker.java:56) [org.eclipse.core.jobs_3.9.2.v20171030-1027.jar:na]
2018-11-20 09:59:48,827 [ModalContext] INFO  o.e.m.c.i.l.LifecycleMappingFactory - Using org.eclipse.m2e.jdt.JarLifecycleMapping lifecycle mapping for MavenProject: com.amazonaws.lambda:demo:4.0.0 @ C:\Users\Nicolas\Desktop\TP_JEE\ConverserLambda\pom.xml.
2018-11-20 09:59:49,329 [ModalContext] INFO  o.e.m.j.i.AbstractJavaProjectConfigurator - Adding source folder /ConverserLambda/src/main/java
2018-11-20 09:59:49,329 [ModalContext] INFO  o.e.m.j.i.AbstractJavaProjectConfigurator - Adding resource folder /ConverserLambda/src/main/resources
2018-11-20 09:59:49,329 [ModalContext] INFO  o.e.m.j.i.AbstractJavaProjectConfigurator - Adding source folder /ConverserLambda/src/test/java
2018-11-20 09:59:49,329 [ModalContext] INFO  o.e.m.j.i.AbstractJavaProjectConfigurator - Adding resource folder /ConverserLambda/src/test/resources
2018-11-20 09:59:49,497 [ModalContext] WARN  o.e.m.c.i.embedder.EclipseLogger - Using platform encoding (Cp1252 actually) to copy filtered resources, i.e. build is platform dependent!
2018-11-20 09:59:49,498 [ModalContext] INFO  o.e.m.c.i.embedder.EclipseLogger - Copying 0 resource
2018-11-20 09:59:49,500 [ModalContext] WARN  o.e.m.c.i.embedder.EclipseLogger - Using platform encoding (Cp1252 actually) to copy filtered resources, i.e. build is platform dependent!
2018-11-20 09:59:49,501 [ModalContext] INFO  o.e.m.c.i.embedder.EclipseLogger - Copying 0 resource
2018-11-20 09:59:54,991 [Worker-38] INFO  o.e.m.c.i.p.ProjectConfigurationManager - Update started
2018-11-20 09:59:55,591 [Worker-38] INFO  o.e.m.c.i.l.LifecycleMappingFactory - Using org.eclipse.m2e.jdt.JarLifecycleMapping lifecycle mapping for MavenProject: com.amazonaws.lambda:demo:1.0.0 @ C:\Users\Nicolas\Desktop\TP_JEE\ConverserLambda\pom.xml.
2018-11-20 09:59:56,150 [Worker-38] INFO  o.e.m.j.i.AbstractJavaProjectConfigurator - Adding source folder /ConverserLambda/src/main/java
2018-11-20 09:59:56,150 [Worker-38] INFO  o.e.m.j.i.AbstractJavaProjectConfigurator - Adding resource folder /ConverserLambda/src/main/resources
2018-11-20 09:59:56,150 [Worker-38] INFO  o.e.m.j.i.AbstractJavaProjectConfigurator - Adding source folder /ConverserLambda/src/test/java
2018-11-20 09:59:56,150 [Worker-38] INFO  o.e.m.j.i.AbstractJavaProjectConfigurator - Adding resource folder /ConverserLambda/src/test/resources
2018-11-20 09:59:56,322 [Worker-38] WARN  o.e.m.c.i.embedder.EclipseLogger - Using platform encoding (Cp1252 actually) to copy filtered resources, i.e. build is platform dependent!
2018-11-20 09:59:56,322 [Worker-38] INFO  o.e.m.c.i.embedder.EclipseLogger - Copying 0 resource
2018-11-20 09:59:56,322 [Worker-38] WARN  o.e.m.c.i.embedder.EclipseLogger - Using platform encoding (Cp1252 actually) to copy filtered resources, i.e. build is platform dependent!
2018-11-20 09:59:56,322 [Worker-38] INFO  o.e.m.c.i.embedder.EclipseLogger - Copying 0 resource
2018-11-20 09:59:56,617 [Worker-38] INFO  o.e.m.c.i.p.ProjectConfigurationManager - Update completed: 1 sec
2018-11-20 09:59:56,903 [Worker-36] WARN  o.e.m.c.i.embedder.EclipseLogger - Using platform encoding (Cp1252 actually) to copy filtered resources, i.e. build is platform dependent!
2018-11-20 09:59:56,904 [Worker-36] INFO  o.e.m.c.i.embedder.EclipseLogger - Copying 0 resource
2018-11-20 09:59:56,905 [Worker-36] WARN  o.e.m.c.i.embedder.EclipseLogger - Using platform encoding (Cp1252 actually) to copy filtered resources, i.e. build is platform dependent!
2018-11-20 09:59:56,906 [Worker-36] INFO  o.e.m.c.i.embedder.EclipseLogger - Copying 0 resource
2018-11-20 10:00:33,581 [Worker-37] WARN  o.e.m.c.i.embedder.EclipseLogger - Using platform encoding (Cp1252 actually) to copy filtered resources, i.e. build is platform dependent!
2018-11-20 10:00:33,581 [Worker-37] INFO  o.e.m.c.i.embedder.EclipseLogger - Copying 0 resource
2018-11-20 10:00:33,581 [Worker-37] WARN  o.e.m.c.i.embedder.EclipseLogger - Using platform encoding (Cp1252 actually) to copy filtered resources, i.e. build is platform dependent!
2018-11-20 10:00:33,581 [Worker-37] INFO  o.e.m.c.i.embedder.EclipseLogger - Copying 0 resource
2018-11-20 10:24:54,474 [Worker-1] INFO  c.g.t.t.d.PublishedGradleVersions - Gradle version information cache is up-to-date. Trying to read.
2018-11-20 10:50:15,900 [Worker-4] INFO  c.g.t.t.d.PublishedGradleVersions - Gradle version information cache is up-to-date. Trying to read.
2018-11-20 11:00:52,774 [Worker-25] INFO  o.e.m.c.i.l.LifecycleMappingFactory - Using org.eclipse.m2e.jdt.JarLifecycleMapping lifecycle mapping for MavenProject: com.amazonaws.lambda:demo:1.0.0 @ C:\Users\Nicolas\Desktop\TP_JEE\ConverserLambda\pom.xml.
2018-11-20 11:00:53,251 [Worker-25] WARN  o.e.m.c.i.embedder.EclipseLogger - Using platform encoding (Cp1252 actually) to copy filtered resources, i.e. build is platform dependent!
2018-11-20 11:00:53,257 [Worker-25] INFO  o.e.m.c.i.embedder.EclipseLogger - Copying 0 resource
2018-11-20 11:00:53,259 [Worker-25] WARN  o.e.m.c.i.embedder.EclipseLogger - Using platform encoding (Cp1252 actually) to copy filtered resources, i.e. build is platform dependent!
2018-11-20 11:00:53,260 [Worker-25] INFO  o.e.m.c.i.embedder.EclipseLogger - Copying 0 resource
2018-11-20 11:02:55,079 [Worker-23] WARN  o.e.m.c.i.embedder.EclipseLogger - Using platform encoding (Cp1252 actually) to copy filtered resources, i.e. build is platform dependent!
2018-11-20 11:02:55,086 [Worker-23] INFO  o.e.m.c.i.embedder.EclipseLogger - Copying 0 resource
2018-11-20 11:02:55,088 [Worker-23] WARN  o.e.m.c.i.embedder.EclipseLogger - Using platform encoding (Cp1252 actually) to copy filtered resources, i.e. build is platform dependent!
2018-11-20 11:02:55,089 [Worker-23] INFO  o.e.m.c.i.embedder.EclipseLogger - Copying 0 resource
2018-11-20 11:03:22,873 [Worker-28] WARN  o.e.m.c.i.embedder.EclipseLogger - Using platform encoding (Cp1252 actually) to copy filtered resources, i.e. build is platform dependent!
2018-11-20 11:03:22,875 [Worker-28] INFO  o.e.m.c.i.embedder.EclipseLogger - Copying 0 resource
2018-11-20 11:03:22,877 [Worker-28] WARN  o.e.m.c.i.embedder.EclipseLogger - Using platform encoding (Cp1252 actually) to copy filtered resources, i.e. build is platform dependent!
2018-11-20 11:03:22,878 [Worker-28] INFO  o.e.m.c.i.embedder.EclipseLogger - Copying 0 resource
2018-11-20 11:23:21,521 [Worker-2] INFO  c.g.t.t.d.PublishedGradleVersions - Gradle version information cache is up-to-date. Trying to read.
2018-11-20 11:23:35,709 [Worker-12] WARN  o.e.m.c.i.embedder.EclipseLogger - Using platform encoding (Cp1252 actually) to copy filtered resources, i.e. build is platform dependent!
2018-11-20 11:23:35,718 [Worker-12] INFO  o.e.m.c.i.embedder.EclipseLogger - Copying 0 resource
2018-11-20 11:23:35,721 [Worker-12] WARN  o.e.m.c.i.embedder.EclipseLogger - Using platform encoding (Cp1252 actually) to copy filtered resources, i.e. build is platform dependent!
2018-11-20 11:23:35,721 [Worker-12] INFO  o.e.m.c.i.embedder.EclipseLogger - Copying 0 resource
2018-11-20 11:33:32,686 [Worker-28] INFO  o.e.m.c.i.p.ProjectConfigurationManager - Update started
2018-11-20 11:33:33,315 [Worker-28] INFO  o.e.m.c.i.l.LifecycleMappingFactory - Using org.eclipse.m2e.jdt.JarLifecycleMapping lifecycle mapping for MavenProject: com.amazonaws.lambda:demo:1.0.0 @ C:\Users\Nicolas\Desktop\TP_JEE\ConverserLambda\pom.xml.
2018-11-20 11:33:33,752 [Worker-28] INFO  o.e.m.j.i.AbstractJavaProjectConfigurator - Adding source folder /ConverserLambda/src/main/java
2018-11-20 11:33:33,753 [Worker-28] INFO  o.e.m.j.i.AbstractJavaProjectConfigurator - Adding resource folder /ConverserLambda/src/main/resources
2018-11-20 11:33:33,754 [Worker-28] INFO  o.e.m.j.i.AbstractJavaProjectConfigurator - Adding source folder /ConverserLambda/src/test/java
2018-11-20 11:33:33,754 [Worker-28] INFO  o.e.m.j.i.AbstractJavaProjectConfigurator - Adding resource folder /ConverserLambda/src/test/resources
2018-11-20 11:33:34,033 [Worker-28] WARN  o.e.m.c.i.embedder.EclipseLogger - Using platform encoding (Cp1252 actually) to copy filtered resources, i.e. build is platform dependent!
2018-11-20 11:33:34,046 [Worker-28] INFO  o.e.m.c.i.embedder.EclipseLogger - Copying 0 resource
2018-11-20 11:33:34,049 [Worker-28] WARN  o.e.m.c.i.embedder.EclipseLogger - Using platform encoding (Cp1252 actually) to copy filtered resources, i.e. build is platform dependent!
2018-11-20 11:33:34,050 [Worker-28] INFO  o.e.m.c.i.embedder.EclipseLogger - Copying 0 resource
2018-11-20 11:33:34,603 [Worker-28] INFO  o.e.m.c.i.p.ProjectConfigurationManager - Update completed: 1 sec
2018-11-20 11:33:34,862 [Worker-33] WARN  o.e.m.c.i.embedder.EclipseLogger - Using platform encoding (Cp1252 actually) to copy filtered resources, i.e. build is platform dependent!
2018-11-20 11:33:34,864 [Worker-33] INFO  o.e.m.c.i.embedder.EclipseLogger - Copying 0 resource
2018-11-20 11:33:34,865 [Worker-33] WARN  o.e.m.c.i.embedder.EclipseLogger - Using platform encoding (Cp1252 actually) to copy filtered resources, i.e. build is platform dependent!
2018-11-20 11:33:34,866 [Worker-33] INFO  o.e.m.c.i.embedder.EclipseLogger - Copying 0 resource
2018-11-20 11:34:50,566 [Worker-33] INFO  o.e.m.c.i.l.LifecycleMappingFactory - Using org.eclipse.m2e.jdt.JarLifecycleMapping lifecycle mapping for MavenProject: com.amazonaws.lambda:demo:1.0.0 @ C:\Users\Nicolas\Desktop\TP_JEE\ConverserLambda\pom.xml.
2018-11-20 11:34:51,387 [Worker-33] INFO  o.e.m.c.i.e.AbstractTransferListenerAdapter - Downloaded https://repo.maven.apache.org/maven2/junit/junit/5.0/junit-5.0.pom
2018-11-20 11:34:51,389 [Worker-33] WARN  o.e.m.c.i.embedder.EclipseLogger - The POM for junit:junit:jar:5.0 is missing, no dependency information available
2018-11-20 11:34:51,704 [Worker-33] INFO  o.e.m.c.i.e.AbstractTransferListenerAdapter - Downloaded https://repo.maven.apache.org/maven2/junit/junit/5.0/junit-5.0.jar
2018-11-20 11:34:51,981 [Worker-33] WARN  o.e.m.c.i.embedder.EclipseLogger - Using platform encoding (Cp1252 actually) to copy filtered resources, i.e. build is platform dependent!
2018-11-20 11:34:51,983 [Worker-33] INFO  o.e.m.c.i.embedder.EclipseLogger - Copying 0 resource
2018-11-20 11:34:51,985 [Worker-33] WARN  o.e.m.c.i.embedder.EclipseLogger - Using platform encoding (Cp1252 actually) to copy filtered resources, i.e. build is platform dependent!
2018-11-20 11:34:51,986 [Worker-33] INFO  o.e.m.c.i.embedder.EclipseLogger - Copying 0 resource
2018-11-20 11:34:52,330 [Worker-33] WARN  o.e.m.c.i.embedder.EclipseLogger - The POM for junit:junit:jar:5.0 is missing, no dependency information available
2018-11-20 11:34:55,616 [Worker-33] INFO  o.e.m.c.i.p.ProjectConfigurationManager - Update started
2018-11-20 11:34:56,072 [Worker-33] INFO  o.e.m.c.i.l.LifecycleMappingFactory - Using org.eclipse.m2e.jdt.JarLifecycleMapping lifecycle mapping for MavenProject: com.amazonaws.lambda:demo:1.0.0 @ C:\Users\Nicolas\Desktop\TP_JEE\ConverserLambda\pom.xml.
2018-11-20 11:34:56,075 [Worker-33] WARN  o.e.m.c.i.embedder.EclipseLogger - The POM for junit:junit:jar:5.0 is missing, no dependency information available
2018-11-20 11:34:56,419 [Worker-33] INFO  o.e.m.j.i.AbstractJavaProjectConfigurator - Adding source folder /ConverserLambda/src/main/java
2018-11-20 11:34:56,419 [Worker-33] INFO  o.e.m.j.i.AbstractJavaProjectConfigurator - Adding resource folder /ConverserLambda/src/main/resources
2018-11-20 11:34:56,420 [Worker-33] INFO  o.e.m.j.i.AbstractJavaProjectConfigurator - Adding source folder /ConverserLambda/src/test/java
2018-11-20 11:34:56,420 [Worker-33] INFO  o.e.m.j.i.AbstractJavaProjectConfigurator - Adding resource folder /ConverserLambda/src/test/resources
2018-11-20 11:34:56,568 [Worker-33] WARN  o.e.m.c.i.embedder.EclipseLogger - Using platform encoding (Cp1252 actually) to copy filtered resources, i.e. build is platform dependent!
2018-11-20 11:34:56,571 [Worker-33] INFO  o.e.m.c.i.embedder.EclipseLogger - Copying 0 resource
2018-11-20 11:34:56,574 [Worker-33] WARN  o.e.m.c.i.embedder.EclipseLogger - Using platform encoding (Cp1252 actually) to copy filtered resources, i.e. build is platform dependent!
2018-11-20 11:34:56,575 [Worker-33] INFO  o.e.m.c.i.embedder.EclipseLogger - Copying 0 resource
2018-11-20 11:34:57,004 [Worker-33] INFO  o.e.m.c.i.p.ProjectConfigurationManager - Update completed: 1 sec
2018-11-20 11:34:57,127 [Worker-32] WARN  o.e.m.c.i.embedder.EclipseLogger - The POM for junit:junit:jar:5.0 is missing, no dependency information available
2018-11-20 11:34:57,274 [Worker-32] WARN  o.e.m.c.i.embedder.EclipseLogger - Using platform encoding (Cp1252 actually) to copy filtered resources, i.e. build is platform dependent!
2018-11-20 11:34:57,275 [Worker-32] INFO  o.e.m.c.i.embedder.EclipseLogger - Copying 0 resource
2018-11-20 11:34:57,276 [Worker-32] WARN  o.e.m.c.i.embedder.EclipseLogger - Using platform encoding (Cp1252 actually) to copy filtered resources, i.e. build is platform dependent!
2018-11-20 11:34:57,277 [Worker-32] INFO  o.e.m.c.i.embedder.EclipseLogger - Copying 0 resource
2018-11-20 11:35:19,067 [Worker-29] INFO  o.e.m.c.i.p.ProjectConfigurationManager - Update started
2018-11-20 11:35:19,521 [Worker-29] INFO  o.e.m.c.i.l.LifecycleMappingFactory - Using org.eclipse.m2e.jdt.JarLifecycleMapping lifecycle mapping for MavenProject: com.amazonaws.lambda:demo:1.0.0 @ C:\Users\Nicolas\Desktop\TP_JEE\ConverserLambda\pom.xml.
2018-11-20 11:35:19,524 [Worker-29] WARN  o.e.m.c.i.embedder.EclipseLogger - The POM for junit:junit:jar:5.0 is missing, no dependency information available
2018-11-20 11:35:19,862 [Worker-29] INFO  o.e.m.j.i.AbstractJavaProjectConfigurator - Adding source folder /ConverserLambda/src/main/java
2018-11-20 11:35:19,862 [Worker-29] INFO  o.e.m.j.i.AbstractJavaProjectConfigurator - Adding resource folder /ConverserLambda/src/main/resources
2018-11-20 11:35:19,863 [Worker-29] INFO  o.e.m.j.i.AbstractJavaProjectConfigurator - Adding source folder /ConverserLambda/src/test/java
2018-11-20 11:35:19,863 [Worker-29] INFO  o.e.m.j.i.AbstractJavaProjectConfigurator - Adding resource folder /ConverserLambda/src/test/resources
2018-11-20 11:35:20,026 [Worker-29] WARN  o.e.m.c.i.embedder.EclipseLogger - Using platform encoding (Cp1252 actually) to copy filtered resources, i.e. build is platform dependent!
2018-11-20 11:35:20,029 [Worker-29] INFO  o.e.m.c.i.embedder.EclipseLogger - Copying 0 resource
2018-11-20 11:35:20,031 [Worker-29] WARN  o.e.m.c.i.embedder.EclipseLogger - Using platform encoding (Cp1252 actually) to copy filtered resources, i.e. build is platform dependent!
2018-11-20 11:35:20,032 [Worker-29] INFO  o.e.m.c.i.embedder.EclipseLogger - Copying 0 resource
2018-11-20 11:35:20,531 [Worker-29] INFO  o.e.m.c.i.p.ProjectConfigurationManager - Update completed: 1 sec
2018-11-20 11:35:20,659 [Worker-28] WARN  o.e.m.c.i.embedder.EclipseLogger - The POM for junit:junit:jar:5.0 is missing, no dependency information available
2018-11-20 11:35:20,794 [Worker-28] WARN  o.e.m.c.i.embedder.EclipseLogger - Using platform encoding (Cp1252 actually) to copy filtered resources, i.e. build is platform dependent!
2018-11-20 11:35:20,795 [Worker-28] INFO  o.e.m.c.i.embedder.EclipseLogger - Copying 0 resource
2018-11-20 11:35:20,796 [Worker-28] WARN  o.e.m.c.i.embedder.EclipseLogger - Using platform encoding (Cp1252 actually) to copy filtered resources, i.e. build is platform dependent!
2018-11-20 11:35:20,797 [Worker-28] INFO  o.e.m.c.i.embedder.EclipseLogger - Copying 0 resource
2018-11-20 11:36:50,083 [Worker-32] INFO  o.e.m.c.i.l.LifecycleMappingFactory - Using org.eclipse.m2e.jdt.JarLifecycleMapping lifecycle mapping for MavenProject: com.amazonaws.lambda:demo:1.0.0 @ C:\Users\Nicolas\Desktop\TP_JEE\ConverserLambda\pom.xml.
2018-11-20 11:36:50,528 [Worker-32] INFO  o.e.m.c.i.e.AbstractTransferListenerAdapter - Downloaded https://repo.maven.apache.org/maven2/junit/junit/5.3.1/junit-5.3.1.pom
2018-11-20 11:36:50,529 [Worker-32] WARN  o.e.m.c.i.embedder.EclipseLogger - The POM for junit:junit:jar:5.3.1 is missing, no dependency information available
2018-11-20 11:36:50,816 [Worker-32] INFO  o.e.m.c.i.e.AbstractTransferListenerAdapter - Downloaded https://repo.maven.apache.org/maven2/junit/junit/5.3.1/junit-5.3.1.jar
2018-11-20 11:36:51,086 [Worker-32] WARN  o.e.m.c.i.embedder.EclipseLogger - Using platform encoding (Cp1252 actually) to copy filtered resources, i.e. build is platform dependent!
2018-11-20 11:36:51,088 [Worker-32] INFO  o.e.m.c.i.embedder.EclipseLogger - Copying 0 resource
2018-11-20 11:36:51,090 [Worker-32] WARN  o.e.m.c.i.embedder.EclipseLogger - Using platform encoding (Cp1252 actually) to copy filtered resources, i.e. build is platform dependent!
2018-11-20 11:36:51,091 [Worker-32] INFO  o.e.m.c.i.embedder.EclipseLogger - Copying 0 resource
2018-11-20 11:36:51,440 [Worker-32] WARN  o.e.m.c.i.embedder.EclipseLogger - The POM for junit:junit:jar:5.3.1 is missing, no dependency information available
2018-11-20 11:36:54,580 [Worker-36] INFO  o.e.m.c.i.p.ProjectConfigurationManager - Update started
2018-11-20 11:36:55,041 [Worker-36] INFO  o.e.m.c.i.l.LifecycleMappingFactory - Using org.eclipse.m2e.jdt.JarLifecycleMapping lifecycle mapping for MavenProject: com.amazonaws.lambda:demo:1.0.0 @ C:\Users\Nicolas\Desktop\TP_JEE\ConverserLambda\pom.xml.
2018-11-20 11:36:55,044 [Worker-36] WARN  o.e.m.c.i.embedder.EclipseLogger - The POM for junit:junit:jar:5.3.1 is missing, no dependency information available
2018-11-20 11:36:55,381 [Worker-36] INFO  o.e.m.j.i.AbstractJavaProjectConfigurator - Adding source folder /ConverserLambda/src/main/java
2018-11-20 11:36:55,382 [Worker-36] INFO  o.e.m.j.i.AbstractJavaProjectConfigurator - Adding resource folder /ConverserLambda/src/main/resources
2018-11-20 11:36:55,382 [Worker-36] INFO  o.e.m.j.i.AbstractJavaProjectConfigurator - Adding source folder /ConverserLambda/src/test/java
2018-11-20 11:36:55,383 [Worker-36] INFO  o.e.m.j.i.AbstractJavaProjectConfigurator - Adding resource folder /ConverserLambda/src/test/resources
2018-11-20 11:36:55,543 [Worker-36] WARN  o.e.m.c.i.embedder.EclipseLogger - Using platform encoding (Cp1252 actually) to copy filtered resources, i.e. build is platform dependent!
2018-11-20 11:36:55,545 [Worker-36] INFO  o.e.m.c.i.embedder.EclipseLogger - Copying 0 resource
2018-11-20 11:36:55,547 [Worker-36] WARN  o.e.m.c.i.embedder.EclipseLogger - Using platform encoding (Cp1252 actually) to copy filtered resources, i.e. build is platform dependent!
2018-11-20 11:36:55,549 [Worker-36] INFO  o.e.m.c.i.embedder.EclipseLogger - Copying 0 resource
2018-11-20 11:36:55,964 [Worker-36] INFO  o.e.m.c.i.p.ProjectConfigurationManager - Update completed: 1 sec
2018-11-20 11:36:56,090 [Worker-34] WARN  o.e.m.c.i.embedder.EclipseLogger - The POM for junit:junit:jar:5.3.1 is missing, no dependency information available
2018-11-20 11:36:56,220 [Worker-34] WARN  o.e.m.c.i.embedder.EclipseLogger - Using platform encoding (Cp1252 actually) to copy filtered resources, i.e. build is platform dependent!
2018-11-20 11:36:56,221 [Worker-34] INFO  o.e.m.c.i.embedder.EclipseLogger - Copying 0 resource
2018-11-20 11:36:56,222 [Worker-34] WARN  o.e.m.c.i.embedder.EclipseLogger - Using platform encoding (Cp1252 actually) to copy filtered resources, i.e. build is platform dependent!
2018-11-20 11:36:56,223 [Worker-34] INFO  o.e.m.c.i.embedder.EclipseLogger - Copying 0 resource
2018-11-20 11:38:16,405 [Worker-40] INFO  o.e.m.c.i.l.LifecycleMappingFactory - Using org.eclipse.m2e.jdt.JarLifecycleMapping lifecycle mapping for MavenProject: com.amazonaws.lambda:demo:1.0.0 @ C:\Users\Nicolas\Desktop\TP_JEE\ConverserLambda\pom.xml.
2018-11-20 11:38:16,735 [Worker-40] INFO  o.e.m.c.i.e.AbstractTransferListenerAdapter - Downloaded https://repo.maven.apache.org/maven2/junit/junit/5.0.0/junit-5.0.0.pom
2018-11-20 11:38:16,736 [Worker-40] WARN  o.e.m.c.i.embedder.EclipseLogger - The POM for junit:junit:jar:5.0.0 is missing, no dependency information available
2018-11-20 11:38:17,027 [Worker-40] INFO  o.e.m.c.i.e.AbstractTransferListenerAdapter - Downloaded https://repo.maven.apache.org/maven2/junit/junit/5.0.0/junit-5.0.0.jar
2018-11-20 11:38:17,272 [Worker-40] WARN  o.e.m.c.i.embedder.EclipseLogger - Using platform encoding (Cp1252 actually) to copy filtered resources, i.e. build is platform dependent!
2018-11-20 11:38:17,274 [Worker-40] INFO  o.e.m.c.i.embedder.EclipseLogger - Copying 0 resource
2018-11-20 11:38:17,276 [Worker-40] WARN  o.e.m.c.i.embedder.EclipseLogger - Using platform encoding (Cp1252 actually) to copy filtered resources, i.e. build is platform dependent!
2018-11-20 11:38:17,277 [Worker-40] INFO  o.e.m.c.i.embedder.EclipseLogger - Copying 0 resource
2018-11-20 11:38:17,634 [Worker-40] WARN  o.e.m.c.i.embedder.EclipseLogger - The POM for junit:junit:jar:5.0.0 is missing, no dependency information available
2018-11-20 11:38:20,298 [Worker-32] INFO  o.e.m.c.i.l.LifecycleMappingFactory - Using org.eclipse.m2e.jdt.JarLifecycleMapping lifecycle mapping for MavenProject: com.amazonaws.lambda:demo:1.0.0 @ C:\Users\Nicolas\Desktop\TP_JEE\ConverserLambda\pom.xml.
2018-11-20 11:38:20,302 [Worker-32] WARN  o.e.m.c.i.embedder.EclipseLogger - The POM for junit:junit:jar:5.0 is missing, no dependency information available
2018-11-20 11:38:20,634 [Worker-32] WARN  o.e.m.c.i.embedder.EclipseLogger - Using platform encoding (Cp1252 actually) to copy filtered resources, i.e. build is platform dependent!
2018-11-20 11:38:20,636 [Worker-32] INFO  o.e.m.c.i.embedder.EclipseLogger - Copying 0 resource
2018-11-20 11:38:20,638 [Worker-32] WARN  o.e.m.c.i.embedder.EclipseLogger - Using platform encoding (Cp1252 actually) to copy filtered resources, i.e. build is platform dependent!
2018-11-20 11:38:20,639 [Worker-32] INFO  o.e.m.c.i.embedder.EclipseLogger - Copying 0 resource
2018-11-20 11:38:20,926 [Worker-32] WARN  o.e.m.c.i.embedder.EclipseLogger - The POM for junit:junit:jar:5.0 is missing, no dependency information available
2018-11-20 11:39:06,992 [Worker-32] INFO  o.e.m.c.i.l.LifecycleMappingFactory - Using org.eclipse.m2e.jdt.JarLifecycleMapping lifecycle mapping for MavenProject: com.amazonaws.lambda:demo:1.0.0 @ C:\Users\Nicolas\Desktop\TP_JEE\ConverserLambda\pom.xml.
2018-11-20 11:39:07,405 [Worker-32] INFO  o.e.m.c.i.e.AbstractTransferListenerAdapter - Downloading https://repo.maven.apache.org/maven2/org/junit/jupiter/junit-jupiter-api/5.3.1/junit-jupiter-api-5.3.1.pom
2018-11-20 11:39:07,479 [Worker-32] INFO  o.e.m.c.i.e.AbstractTransferListenerAdapter - Downloaded https://repo.maven.apache.org/maven2/org/junit/jupiter/junit-jupiter-api/5.3.1/junit-jupiter-api-5.3.1.pom
2018-11-20 11:39:07,539 [Worker-32] INFO  o.e.m.c.i.e.AbstractTransferListenerAdapter - Downloading https://repo.maven.apache.org/maven2/org/apiguardian/apiguardian-api/1.0.0/apiguardian-api-1.0.0.pom
2018-11-20 11:39:07,595 [Worker-32] INFO  o.e.m.c.i.e.AbstractTransferListenerAdapter - Downloaded https://repo.maven.apache.org/maven2/org/apiguardian/apiguardian-api/1.0.0/apiguardian-api-1.0.0.pom
2018-11-20 11:39:07,657 [Worker-32] INFO  o.e.m.c.i.e.AbstractTransferListenerAdapter - Downloading https://repo.maven.apache.org/maven2/org/opentest4j/opentest4j/1.1.1/opentest4j-1.1.1.pom
2018-11-20 11:39:07,697 [Worker-32] INFO  o.e.m.c.i.e.AbstractTransferListenerAdapter - Downloaded https://repo.maven.apache.org/maven2/org/opentest4j/opentest4j/1.1.1/opentest4j-1.1.1.pom
2018-11-20 11:39:07,746 [Worker-32] INFO  o.e.m.c.i.e.AbstractTransferListenerAdapter - Downloading https://repo.maven.apache.org/maven2/org/junit/platform/junit-platform-commons/1.3.1/junit-platform-commons-1.3.1.pom
2018-11-20 11:39:07,797 [Worker-32] INFO  o.e.m.c.i.e.AbstractTransferListenerAdapter - Downloaded https://repo.maven.apache.org/maven2/org/junit/platform/junit-platform-commons/1.3.1/junit-platform-commons-1.3.1.pom
2018-11-20 11:39:08,026 [Worker-32] INFO  o.e.m.c.i.e.AbstractTransferListenerAdapter - Downloading https://repo.maven.apache.org/maven2/org/junit/jupiter/junit-jupiter-api/5.3.1/junit-jupiter-api-5.3.1.jar
2018-11-20 11:39:08,296 [Worker-32] INFO  o.e.m.c.i.e.AbstractTransferListenerAdapter - Downloaded https://repo.maven.apache.org/maven2/org/junit/jupiter/junit-jupiter-api/5.3.1/junit-jupiter-api-5.3.1.jar
2018-11-20 11:39:08,335 [Worker-32] INFO  o.e.m.c.i.e.AbstractTransferListenerAdapter - Downloading https://repo.maven.apache.org/maven2/org/apiguardian/apiguardian-api/1.0.0/apiguardian-api-1.0.0.jar
2018-11-20 11:39:08,383 [Worker-32] INFO  o.e.m.c.i.e.AbstractTransferListenerAdapter - Downloaded https://repo.maven.apache.org/maven2/org/apiguardian/apiguardian-api/1.0.0/apiguardian-api-1.0.0.jar
2018-11-20 11:39:08,444 [Worker-32] INFO  o.e.m.c.i.e.AbstractTransferListenerAdapter - Downloading https://repo.maven.apache.org/maven2/org/opentest4j/opentest4j/1.1.1/opentest4j-1.1.1.jar
2018-11-20 11:39:08,502 [Worker-32] INFO  o.e.m.c.i.e.AbstractTransferListenerAdapter - Downloaded https://repo.maven.apache.org/maven2/org/opentest4j/opentest4j/1.1.1/opentest4j-1.1.1.jar
2018-11-20 11:39:08,557 [Worker-32] INFO  o.e.m.c.i.e.AbstractTransferListenerAdapter - Downloading https://repo.maven.apache.org/maven2/org/junit/platform/junit-platform-commons/1.3.1/junit-platform-commons-1.3.1.jar
2018-11-20 11:39:08,633 [Worker-32] INFO  o.e.m.c.i.e.AbstractTransferListenerAdapter - Downloaded https://repo.maven.apache.org/maven2/org/junit/platform/junit-platform-commons/1.3.1/junit-platform-commons-1.3.1.jar
2018-11-20 11:39:09,465 [Worker-32] WARN  o.e.m.c.i.embedder.EclipseLogger - Using platform encoding (Cp1252 actually) to copy filtered resources, i.e. build is platform dependent!
2018-11-20 11:39:09,468 [Worker-32] INFO  o.e.m.c.i.embedder.EclipseLogger - Copying 0 resource
2018-11-20 11:39:09,470 [Worker-32] WARN  o.e.m.c.i.embedder.EclipseLogger - Using platform encoding (Cp1252 actually) to copy filtered resources, i.e. build is platform dependent!
2018-11-20 11:39:09,471 [Worker-32] INFO  o.e.m.c.i.embedder.EclipseLogger - Copying 0 resource
2018-11-20 11:39:10,947 [Worker-37] WARN  o.e.m.c.i.embedder.EclipseLogger - Using platform encoding (Cp1252 actually) to copy filtered resources, i.e. build is platform dependent!
2018-11-20 11:39:10,949 [Worker-37] INFO  o.e.m.c.i.embedder.EclipseLogger - Copying 0 resource
2018-11-20 11:39:10,950 [Worker-37] WARN  o.e.m.c.i.embedder.EclipseLogger - Using platform encoding (Cp1252 actually) to copy filtered resources, i.e. build is platform dependent!
2018-11-20 11:39:10,951 [Worker-37] INFO  o.e.m.c.i.embedder.EclipseLogger - Copying 0 resource
2018-11-20 11:39:13,190 [Worker-37] INFO  o.e.m.c.i.p.ProjectConfigurationManager - Update started
2018-11-20 11:39:13,619 [Worker-37] INFO  o.e.m.c.i.l.LifecycleMappingFactory - Using org.eclipse.m2e.jdt.JarLifecycleMapping lifecycle mapping for MavenProject: com.amazonaws.lambda:demo:1.0.0 @ C:\Users\Nicolas\Desktop\TP_JEE\ConverserLambda\pom.xml.
2018-11-20 11:39:13,961 [Worker-37] INFO  o.e.m.j.i.AbstractJavaProjectConfigurator - Adding source folder /ConverserLambda/src/main/java
2018-11-20 11:39:13,961 [Worker-37] INFO  o.e.m.j.i.AbstractJavaProjectConfigurator - Adding resource folder /ConverserLambda/src/main/resources
2018-11-20 11:39:13,962 [Worker-37] INFO  o.e.m.j.i.AbstractJavaProjectConfigurator - Adding source folder /ConverserLambda/src/test/java
2018-11-20 11:39:13,962 [Worker-37] INFO  o.e.m.j.i.AbstractJavaProjectConfigurator - Adding resource folder /ConverserLambda/src/test/resources
2018-11-20 11:39:14,326 [Worker-37] WARN  o.e.m.c.i.embedder.EclipseLogger - Using platform encoding (Cp1252 actually) to copy filtered resources, i.e. build is platform dependent!
2018-11-20 11:39:14,329 [Worker-37] INFO  o.e.m.c.i.embedder.EclipseLogger - Copying 0 resource
2018-11-20 11:39:14,331 [Worker-37] WARN  o.e.m.c.i.embedder.EclipseLogger - Using platform encoding (Cp1252 actually) to copy filtered resources, i.e. build is platform dependent!
2018-11-20 11:39:14,332 [Worker-37] INFO  o.e.m.c.i.embedder.EclipseLogger - Copying 0 resource
2018-11-20 11:39:14,744 [Worker-37] INFO  o.e.m.c.i.p.ProjectConfigurationManager - Update completed: 1 sec
2018-11-20 11:39:15,257 [Worker-41] WARN  o.e.m.c.i.embedder.EclipseLogger - Using platform encoding (Cp1252 actually) to copy filtered resources, i.e. build is platform dependent!
2018-11-20 11:39:15,259 [Worker-41] INFO  o.e.m.c.i.embedder.EclipseLogger - Copying 0 resource
2018-11-20 11:39:15,261 [Worker-41] WARN  o.e.m.c.i.embedder.EclipseLogger - Using platform encoding (Cp1252 actually) to copy filtered resources, i.e. build is platform dependent!
2018-11-20 11:39:15,262 [Worker-41] INFO  o.e.m.c.i.embedder.EclipseLogger - Copying 0 resource
2018-11-20 11:40:33,499 [Worker-39] WARN  o.e.m.c.i.embedder.EclipseLogger - Using platform encoding (Cp1252 actually) to copy filtered resources, i.e. build is platform dependent!
2018-11-20 11:40:33,500 [Worker-39] INFO  o.e.m.c.i.embedder.EclipseLogger - Copying 0 resource
2018-11-20 11:40:33,501 [Worker-39] WARN  o.e.m.c.i.embedder.EclipseLogger - Using platform encoding (Cp1252 actually) to copy filtered resources, i.e. build is platform dependent!
2018-11-20 11:40:33,502 [Worker-39] INFO  o.e.m.c.i.embedder.EclipseLogger - Copying 0 resource
2018-11-20 11:55:10,326 [Worker-45] WARN  o.e.m.c.i.embedder.EclipseLogger - Using platform encoding (Cp1252 actually) to copy filtered resources, i.e. build is platform dependent!
2018-11-20 11:55:10,327 [Worker-45] INFO  o.e.m.c.i.embedder.EclipseLogger - Copying 0 resource
2018-11-20 11:55:10,328 [Worker-45] WARN  o.e.m.c.i.embedder.EclipseLogger - Using platform encoding (Cp1252 actually) to copy filtered resources, i.e. build is platform dependent!
2018-11-20 11:55:10,331 [Worker-45] INFO  o.e.m.c.i.embedder.EclipseLogger - Copying 0 resource
2018-11-21 09:11:12,859 [Worker-0] INFO  c.g.t.t.d.PublishedGradleVersions - Gradle version information cache is up-to-date. Trying to read.
2018-11-21 09:29:53,492 [Worker-26] WARN  o.e.m.c.i.embedder.EclipseLogger - Using platform encoding (Cp1252 actually) to copy filtered resources, i.e. build is platform dependent!
2018-11-21 09:29:53,511 [Worker-26] INFO  o.e.m.c.i.embedder.EclipseLogger - Copying 0 resource
2018-11-21 09:29:53,514 [Worker-26] WARN  o.e.m.c.i.embedder.EclipseLogger - Using platform encoding (Cp1252 actually) to copy filtered resources, i.e. build is platform dependent!
2018-11-21 09:29:53,515 [Worker-26] INFO  o.e.m.c.i.embedder.EclipseLogger - Copying 0 resource
2018-11-21 09:36:08,377 [Worker-3] INFO  c.g.t.t.d.PublishedGradleVersions - Gradle version information cache is out-of-date. Trying to update.
2018-11-21 09:39:05,768 [Worker-24] WARN  o.e.m.c.i.embedder.EclipseLogger - Using platform encoding (Cp1252 actually) to copy filtered resources, i.e. build is platform dependent!
2018-11-21 09:39:05,775 [Worker-24] INFO  o.e.m.c.i.embedder.EclipseLogger - Copying 0 resource
2018-11-21 09:39:05,777 [Worker-24] WARN  o.e.m.c.i.embedder.EclipseLogger - Using platform encoding (Cp1252 actually) to copy filtered resources, i.e. build is platform dependent!
2018-11-21 09:39:05,779 [Worker-24] INFO  o.e.m.c.i.embedder.EclipseLogger - Copying 0 resource
2018-11-21 10:05:24,518 [Worker-33] WARN  o.e.m.c.i.embedder.EclipseLogger - Using platform encoding (Cp1252 actually) to copy filtered resources, i.e. build is platform dependent!
2018-11-21 10:05:24,524 [Worker-33] INFO  o.e.m.c.i.embedder.EclipseLogger - Copying 0 resource
2018-11-21 10:05:24,526 [Worker-33] WARN  o.e.m.c.i.embedder.EclipseLogger - Using platform encoding (Cp1252 actually) to copy filtered resources, i.e. build is platform dependent!
2018-11-21 10:05:24,534 [Worker-33] INFO  o.e.m.c.i.embedder.EclipseLogger - Copying 0 resource
2018-11-21 10:05:55,723 [Worker-28] WARN  o.e.m.c.i.embedder.EclipseLogger - Using platform encoding (Cp1252 actually) to copy filtered resources, i.e. build is platform dependent!
2018-11-21 10:05:55,724 [Worker-28] INFO  o.e.m.c.i.embedder.EclipseLogger - Copying 0 resource
2018-11-21 10:05:55,726 [Worker-28] WARN  o.e.m.c.i.embedder.EclipseLogger - Using platform encoding (Cp1252 actually) to copy filtered resources, i.e. build is platform dependent!
2018-11-21 10:05:55,728 [Worker-28] INFO  o.e.m.c.i.embedder.EclipseLogger - Copying 0 resource
2018-11-21 10:06:00,457 [Worker-28] WARN  o.e.m.c.i.embedder.EclipseLogger - Using platform encoding (Cp1252 actually) to copy filtered resources, i.e. build is platform dependent!
2018-11-21 10:06:00,459 [Worker-28] INFO  o.e.m.c.i.embedder.EclipseLogger - Copying 0 resource
2018-11-21 10:06:00,478 [Worker-28] WARN  o.e.m.c.i.embedder.EclipseLogger - Using platform encoding (Cp1252 actually) to copy filtered resources, i.e. build is platform dependent!
2018-11-21 10:06:00,479 [Worker-28] INFO  o.e.m.c.i.embedder.EclipseLogger - Copying 0 resource
2018-11-21 10:06:28,590 [Worker-32] WARN  o.e.m.c.i.embedder.EclipseLogger - Using platform encoding (Cp1252 actually) to copy filtered resources, i.e. build is platform dependent!
2018-11-21 10:06:28,591 [Worker-32] INFO  o.e.m.c.i.embedder.EclipseLogger - Copying 0 resource
2018-11-21 10:06:28,593 [Worker-32] WARN  o.e.m.c.i.embedder.EclipseLogger - Using platform encoding (Cp1252 actually) to copy filtered resources, i.e. build is platform dependent!
2018-11-21 10:06:28,595 [Worker-32] INFO  o.e.m.c.i.embedder.EclipseLogger - Copying 0 resource
2018-11-21 10:07:16,659 [Worker-32] WARN  o.e.m.c.i.embedder.EclipseLogger - Using platform encoding (Cp1252 actually) to copy filtered resources, i.e. build is platform dependent!
2018-11-21 10:07:16,661 [Worker-32] INFO  o.e.m.c.i.embedder.EclipseLogger - Copying 0 resource
2018-11-21 10:07:16,663 [Worker-32] WARN  o.e.m.c.i.embedder.EclipseLogger - Using platform encoding (Cp1252 actually) to copy filtered resources, i.e. build is platform dependent!
2018-11-21 10:07:16,664 [Worker-32] INFO  o.e.m.c.i.embedder.EclipseLogger - Copying 0 resource
2018-11-21 10:07:49,335 [Worker-35] WARN  o.e.m.c.i.embedder.EclipseLogger - Using platform encoding (Cp1252 actually) to copy filtered resources, i.e. build is platform dependent!
2018-11-21 10:07:49,336 [Worker-35] INFO  o.e.m.c.i.embedder.EclipseLogger - Copying 0 resource
2018-11-21 10:07:49,337 [Worker-35] WARN  o.e.m.c.i.embedder.EclipseLogger - Using platform encoding (Cp1252 actually) to copy filtered resources, i.e. build is platform dependent!
2018-11-21 10:07:49,338 [Worker-35] INFO  o.e.m.c.i.embedder.EclipseLogger - Copying 0 resource
2018-11-21 10:08:25,212 [Worker-31] WARN  o.e.m.c.i.embedder.EclipseLogger - Using platform encoding (Cp1252 actually) to copy filtered resources, i.e. build is platform dependent!
2018-11-21 10:08:25,213 [Worker-31] INFO  o.e.m.c.i.embedder.EclipseLogger - Copying 0 resource
2018-11-21 10:08:25,214 [Worker-31] WARN  o.e.m.c.i.embedder.EclipseLogger - Using platform encoding (Cp1252 actually) to copy filtered resources, i.e. build is platform dependent!
2018-11-21 10:08:25,216 [Worker-31] INFO  o.e.m.c.i.embedder.EclipseLogger - Copying 0 resource
2018-11-21 10:08:40,887 [Worker-32] WARN  o.e.m.c.i.embedder.EclipseLogger - Using platform encoding (Cp1252 actually) to copy filtered resources, i.e. build is platform dependent!
2018-11-21 10:08:40,888 [Worker-32] INFO  o.e.m.c.i.embedder.EclipseLogger - Copying 0 resource
2018-11-21 10:08:40,890 [Worker-32] WARN  o.e.m.c.i.embedder.EclipseLogger - Using platform encoding (Cp1252 actually) to copy filtered resources, i.e. build is platform dependent!
2018-11-21 10:08:40,891 [Worker-32] INFO  o.e.m.c.i.embedder.EclipseLogger - Copying 0 resource
2018-11-21 10:11:20,915 [Worker-31] WARN  o.e.m.c.i.embedder.EclipseLogger - Using platform encoding (Cp1252 actually) to copy filtered resources, i.e. build is platform dependent!
2018-11-21 10:11:20,918 [Worker-31] INFO  o.e.m.c.i.embedder.EclipseLogger - Copying 0 resource
2018-11-21 10:11:20,920 [Worker-31] WARN  o.e.m.c.i.embedder.EclipseLogger - Using platform encoding (Cp1252 actually) to copy filtered resources, i.e. build is platform dependent!
2018-11-21 10:11:20,922 [Worker-31] INFO  o.e.m.c.i.embedder.EclipseLogger - Copying 0 resource
2018-11-21 10:11:40,715 [Worker-34] WARN  o.e.m.c.i.embedder.EclipseLogger - Using platform encoding (Cp1252 actually) to copy filtered resources, i.e. build is platform dependent!
2018-11-21 10:11:40,716 [Worker-34] INFO  o.e.m.c.i.embedder.EclipseLogger - Copying 0 resource
2018-11-21 10:11:40,718 [Worker-34] WARN  o.e.m.c.i.embedder.EclipseLogger - Using platform encoding (Cp1252 actually) to copy filtered resources, i.e. build is platform dependent!
2018-11-21 10:11:40,718 [Worker-34] INFO  o.e.m.c.i.embedder.EclipseLogger - Copying 0 resource
2018-11-21 10:12:27,674 [Worker-34] WARN  o.e.m.c.i.embedder.EclipseLogger - Using platform encoding (Cp1252 actually) to copy filtered resources, i.e. build is platform dependent!
2018-11-21 10:12:27,675 [Worker-34] INFO  o.e.m.c.i.embedder.EclipseLogger - Copying 0 resource
2018-11-21 10:12:27,677 [Worker-34] WARN  o.e.m.c.i.embedder.EclipseLogger - Using platform encoding (Cp1252 actually) to copy filtered resources, i.e. build is platform dependent!
2018-11-21 10:12:27,678 [Worker-34] INFO  o.e.m.c.i.embedder.EclipseLogger - Copying 0 resource
2018-11-21 15:00:50,554 [Worker-1] INFO  c.g.t.t.d.PublishedGradleVersions - Gradle version information cache is up-to-date. Trying to read.
2018-11-26 09:09:45,648 [Worker-0] INFO  c.g.t.t.d.PublishedGradleVersions - Gradle version information cache is out-of-date. Trying to update.
2018-11-26 09:10:29,052 [Worker-4] WARN  o.e.m.c.i.embedder.EclipseLogger - Using platform encoding (Cp1252 actually) to copy filtered resources, i.e. build is platform dependent!
2018-11-26 09:10:29,078 [Worker-4] INFO  o.e.m.c.i.embedder.EclipseLogger - Copying 0 resource
2018-11-26 09:10:29,081 [Worker-4] WARN  o.e.m.c.i.embedder.EclipseLogger - Using platform encoding (Cp1252 actually) to copy filtered resources, i.e. build is platform dependent!
2018-11-26 09:10:29,083 [Worker-4] INFO  o.e.m.c.i.embedder.EclipseLogger - Copying 0 resource
2018-12-03 10:02:42,682 [Worker-1] INFO  c.g.t.t.d.PublishedGradleVersions - Gradle version information cache is up-to-date. Trying to read.
2018-12-03 10:03:03,005 [Worker-11] WARN  o.e.m.c.i.embedder.EclipseLogger - Using platform encoding (Cp1252 actually) to copy filtered resources, i.e. build is platform dependent!
2018-12-03 10:03:03,022 [Worker-11] INFO  o.e.m.c.i.embedder.EclipseLogger - Copying 0 resource
2018-12-03 10:03:03,025 [Worker-11] WARN  o.e.m.c.i.embedder.EclipseLogger - Using platform encoding (Cp1252 actually) to copy filtered resources, i.e. build is platform dependent!
2018-12-03 10:03:03,038 [Worker-11] INFO  o.e.m.c.i.embedder.EclipseLogger - Copying 0 resource
2018-12-03 11:23:38,739 [Worker-3] INFO  c.g.t.t.d.PublishedGradleVersions - Gradle version information cache is up-to-date. Trying to read.
2018-12-03 11:23:54,257 [Worker-14] WARN  o.e.m.c.i.embedder.EclipseLogger - Using platform encoding (Cp1252 actually) to copy filtered resources, i.e. build is platform dependent!
2018-12-03 11:23:54,266 [Worker-14] INFO  o.e.m.c.i.embedder.EclipseLogger - Copying 0 resource
2018-12-03 11:23:54,269 [Worker-14] WARN  o.e.m.c.i.embedder.EclipseLogger - Using platform encoding (Cp1252 actually) to copy filtered resources, i.e. build is platform dependent!
2018-12-03 11:23:54,270 [Worker-14] INFO  o.e.m.c.i.embedder.EclipseLogger - Copying 0 resource
2018-12-03 12:46:49,906 [Worker-0] INFO  c.g.t.t.d.PublishedGradleVersions - Gradle version information cache is up-to-date. Trying to read.
2018-12-03 12:47:10,570 [Worker-13] WARN  o.e.m.c.i.embedder.EclipseLogger - Using platform encoding (Cp1252 actually) to copy filtered resources, i.e. build is platform dependent!
2018-12-03 12:47:10,587 [Worker-13] INFO  o.e.m.c.i.embedder.EclipseLogger - Copying 0 resource
2018-12-03 12:47:10,590 [Worker-13] WARN  o.e.m.c.i.embedder.EclipseLogger - Using platform encoding (Cp1252 actually) to copy filtered resources, i.e. build is platform dependent!
2018-12-03 12:47:10,591 [Worker-13] INFO  o.e.m.c.i.embedder.EclipseLogger - Copying 0 resource
2018-12-03 15:40:21,733 [Worker-3] INFO  c.g.t.t.d.PublishedGradleVersions - Gradle version information cache is up-to-date. Trying to read.
2018-12-03 15:40:42,157 [Worker-14] WARN  o.e.m.c.i.embedder.EclipseLogger - Using platform encoding (Cp1252 actually) to copy filtered resources, i.e. build is platform dependent!
2018-12-03 15:40:42,189 [Worker-14] INFO  o.e.m.c.i.embedder.EclipseLogger - Copying 0 resource
2018-12-03 15:40:42,191 [Worker-14] WARN  o.e.m.c.i.embedder.EclipseLogger - Using platform encoding (Cp1252 actually) to copy filtered resources, i.e. build is platform dependent!
2018-12-03 15:40:42,192 [Worker-14] INFO  o.e.m.c.i.embedder.EclipseLogger - Copying 0 resource
2018-12-05 09:19:02,059 [Worker-2] INFO  c.g.t.t.d.PublishedGradleVersions - Gradle version information cache is out-of-date. Trying to update.
2018-12-05 09:19:02,694 [Worker-2] INFO  c.g.t.t.d.PublishedGradleVersions - Updating Gradle version information cache failed. Using outdated cache.
2018-12-05 09:19:26,528 [Worker-26] WARN  o.e.m.c.i.embedder.EclipseLogger - Using platform encoding (Cp1252 actually) to copy filtered resources, i.e. build is platform dependent!
2018-12-05 09:19:26,545 [Worker-26] INFO  o.e.m.c.i.embedder.EclipseLogger - Copying 0 resource
2018-12-05 09:19:26,548 [Worker-26] WARN  o.e.m.c.i.embedder.EclipseLogger - Using platform encoding (Cp1252 actually) to copy filtered resources, i.e. build is platform dependent!
2018-12-05 09:19:26,550 [Worker-26] INFO  o.e.m.c.i.embedder.EclipseLogger - Copying 0 resource
